<?xml version="1.0" encoding="utf-8"?>
<CoverageSession>
  <Summary numSequencePoints="1451" visitedSequencePoints="480" numBranchPoints="84" visitedBranchPoints="66" sequenceCoverage="33.08" branchCoverage="78.57" maxCyclomaticComplexity="140" minCyclomaticComplexity="4" visitedClasses="77" numClasses="90" visitedMethods="154" numMethods="196" />
  <Modules>
    <Module hash="0711EA9B-DCDB-474D-AB61-D8C338B6CE2A">
      <ModulePath>GarageFlowService.Application.dll</ModulePath>
      <ModuleTime>2026-05-07T01:40:06</ModuleTime>
      <ModuleName>GarageFlowService.Application</ModuleName>
      <Files>
        <File uid="1" fullPath="C:\Users\rapha\Downloads\fia\fiap-tech-challenge-2026\src\GarageFlowService.Application\UseCases\WorkOrders\AddPartToWorkOrderCommand.cs" />
        <File uid="2" fullPath="C:\Users\rapha\Downloads\fia\fiap-tech-challenge-2026\src\GarageFlowService.Application\UseCases\WorkOrders\AddServiceToWorkOrderCommand.cs" />
        <File uid="3" fullPath="C:\Users\rapha\Downloads\fia\fiap-tech-challenge-2026\src\GarageFlowService.Application\UseCases\WorkOrders\CreateWorkOrderCommand.cs" />
        <File uid="4" fullPath="C:\Users\rapha\Downloads\fia\fiap-tech-challenge-2026\src\GarageFlowService.Application\UseCases\WorkOrders\GetAllWorkOrdersQuery.cs" />
        <File uid="5" fullPath="C:\Users\rapha\Downloads\fia\fiap-tech-challenge-2026\src\GarageFlowService.Application\UseCases\WorkOrders\GetWorkOrderBudgetQuery.cs" />
        <File uid="6" fullPath="C:\Users\rapha\Downloads\fia\fiap-tech-challenge-2026\src\GarageFlowService.Application\UseCases\WorkOrders\GetWorkOrderByIdQuery.cs" />
        <File uid="7" fullPath="C:\Users\rapha\Downloads\fia\fiap-tech-challenge-2026\src\GarageFlowService.Application\UseCases\WorkOrders\UpdateWorkOrderStatusCommand.cs" />
        <File uid="8" fullPath="C:\Users\rapha\Downloads\fia\fiap-tech-challenge-2026\src\GarageFlowService.Application\UseCases\Vehicles\CreateVehicleCommand.cs" />
        <File uid="9" fullPath="C:\Users\rapha\Downloads\fia\fiap-tech-challenge-2026\src\GarageFlowService.Application\UseCases\Vehicles\GetVehiclesByCustomerQuery.cs" />
        <File uid="10" fullPath="C:\Users\rapha\Downloads\fia\fiap-tech-challenge-2026\src\GarageFlowService.Application\UseCases\Services\CreateServiceCommand.cs" />
        <File uid="11" fullPath="C:\Users\rapha\Downloads\fia\fiap-tech-challenge-2026\src\GarageFlowService.Application\UseCases\Services\GetAllServicesQuery.cs" />
        <File uid="12" fullPath="C:\Users\rapha\Downloads\fia\fiap-tech-challenge-2026\src\GarageFlowService.Application\UseCases\Parts\CreatePartCommand.cs" />
        <File uid="13" fullPath="C:\Users\rapha\Downloads\fia\fiap-tech-challenge-2026\src\GarageFlowService.Application\UseCases\Parts\GetAllPartsQuery.cs" />
        <File uid="14" fullPath="C:\Users\rapha\Downloads\fia\fiap-tech-challenge-2026\src\GarageFlowService.Application\UseCases\Parts\UpdatePartStockCommand.cs" />
        <File uid="15" fullPath="C:\Users\rapha\Downloads\fia\fiap-tech-challenge-2026\src\GarageFlowService.Application\UseCases\Customers\CreateCustomerCommand.cs" />
        <File uid="16" fullPath="C:\Users\rapha\Downloads\fia\fiap-tech-challenge-2026\src\GarageFlowService.Application\UseCases\Customers\GetAllCustomersQuery.cs" />
        <File uid="17" fullPath="C:\Users\rapha\Downloads\fia\fiap-tech-challenge-2026\src\GarageFlowService.Application\UseCases\Customers\GetCustomerByIdQuery.cs" />
        <File uid="18" fullPath="C:\Users\rapha\Downloads\fia\fiap-tech-challenge-2026\src\GarageFlowService.Application\UseCases\Customers\UpdateCustomerCommand.cs" />
        <File uid="19" fullPath="C:\Users\rapha\Downloads\fia\fiap-tech-challenge-2026\src\GarageFlowService.Application\DTOs\CustomerDto.cs" />
        <File uid="20" fullPath="C:\Users\rapha\Downloads\fia\fiap-tech-challenge-2026\src\GarageFlowService.Application\DTOs\PartDto.cs" />
        <File uid="21" fullPath="C:\Users\rapha\Downloads\fia\fiap-tech-challenge-2026\src\GarageFlowService.Application\DTOs\ServiceDto.cs" />
        <File uid="22" fullPath="C:\Users\rapha\Downloads\fia\fiap-tech-challenge-2026\src\GarageFlowService.Application\DTOs\VehicleDto.cs" />
        <File uid="23" fullPath="C:\Users\rapha\Downloads\fia\fiap-tech-challenge-2026\src\GarageFlowService.Application\DTOs\WorkOrderDto.cs" />
      </Files>
      <Classes>
        <Class>
          <Summary numSequencePoints="1" visitedSequencePoints="1" numBranchPoints="0" visitedBranchPoints="0" sequenceCoverage="100" branchCoverage="100" maxCyclomaticComplexity="1" minCyclomaticComplexity="1" visitedClasses="1" numClasses="1" visitedMethods="1" numMethods="1" />
          <FullName>GarageFlowService.Application.UseCases.WorkOrders.AddPartToWorkOrderCommand</FullName>
          <Methods>
            <Method cyclomaticComplexity="1" nPathComplexity="1" sequenceCoverage="100" branchCoverage="100" isConstructor="False" isGetter="True" isSetter="False" isStatic="True">
              <Summary numSequencePoints="1" visitedSequencePoints="1" numBranchPoints="0" visitedBranchPoints="0" sequenceCoverage="100" branchCoverage="100" maxCyclomaticComplexity="1" minCyclomaticComplexity="1" visitedClasses="0" numClasses="0" visitedMethods="1" numMethods="1" />
              <MetadataToken />
              <Name>System.Guid GarageFlowService.Application.UseCases.WorkOrders.AddPartToWorkOrderCommand::get_WorkOrderId()</Name>
              <FileRef uid="1" />
              <SequencePoints>
                <SequencePoint vc="11" uspid="8" ordinal="0" sl="8" sc="1" el="8" ec="2" bec="0" bev="0" fileid="1" />
              </SequencePoints>
              <BranchPoints />
              <MethodPoint vc="1" uspid="0" p8:type="SequencePoint" ordinal="0" offset="0" sc="0" sl="8" ec="1" el="8" bec="0" bev="0" fileid="1" xmlns:p8="xsi" />
            </Method>
          </Methods>
        </Class>
        <Class>
          <Summary numSequencePoints="9" visitedSequencePoints="9" numBranchPoints="0" visitedBranchPoints="0" sequenceCoverage="100" branchCoverage="100" maxCyclomaticComplexity="1" minCyclomaticComplexity="1" visitedClasses="1" numClasses="1" visitedMethods="1" numMethods="1" />
          <FullName>GarageFlowService.Application.UseCases.WorkOrders.AddPartToWorkOrderHandler</FullName>
          <Methods>
            <Method cyclomaticComplexity="1" nPathComplexity="1" sequenceCoverage="100" branchCoverage="100" isConstructor="True" isGetter="False" isSetter="False" isStatic="True">
              <Summary numSequencePoints="9" visitedSequencePoints="9" numBranchPoints="0" visitedBranchPoints="0" sequenceCoverage="100" branchCoverage="100" maxCyclomaticComplexity="1" minCyclomaticComplexity="1" visitedClasses="0" numClasses="0" visitedMethods="1" numMethods="1" />
              <MetadataToken />
              <Name>System.Void GarageFlowService.Application.UseCases.WorkOrders.AddPartToWorkOrderHandler::.ctor(GarageFlowService.Domain.Interfaces.IWorkOrderRepository,GarageFlowService.Domain.Interfaces.IPartRepository,GarageFlowService.Application.Interfaces.IUnitOfWork)</Name>
              <FileRef uid="1" />
              <SequencePoints>
                <SequencePoint vc="3" uspid="16" ordinal="0" sl="16" sc="1" el="16" ec="2" bec="0" bev="0" fileid="1" />
                <SequencePoint vc="3" uspid="17" ordinal="1" sl="17" sc="1" el="17" ec="2" bec="0" bev="0" fileid="1" />
                <SequencePoint vc="3" uspid="18" ordinal="2" sl="18" sc="1" el="18" ec="2" bec="0" bev="0" fileid="1" />
                <SequencePoint vc="3" uspid="19" ordinal="3" sl="19" sc="1" el="19" ec="2" bec="0" bev="0" fileid="1" />
                <SequencePoint vc="3" uspid="20" ordinal="4" sl="20" sc="1" el="20" ec="2" bec="0" bev="0" fileid="1" />
                <SequencePoint vc="3" uspid="21" ordinal="5" sl="21" sc="1" el="21" ec="2" bec="0" bev="0" fileid="1" />
                <SequencePoint vc="3" uspid="22" ordinal="6" sl="22" sc="1" el="22" ec="2" bec="0" bev="0" fileid="1" />
                <SequencePoint vc="3" uspid="23" ordinal="7" sl="23" sc="1" el="23" ec="2" bec="0" bev="0" fileid="1" />
                <SequencePoint vc="3" uspid="24" ordinal="8" sl="24" sc="1" el="24" ec="2" bec="0" bev="0" fileid="1" />
              </SequencePoints>
              <BranchPoints />
              <MethodPoint vc="9" uspid="0" p8:type="SequencePoint" ordinal="0" offset="0" sc="0" sl="16" ec="1" el="24" bec="0" bev="0" fileid="1" xmlns:p8="xsi" />
            </Method>
          </Methods>
        </Class>
        <Class>
          <Summary numSequencePoints="10" visitedSequencePoints="10" numBranchPoints="4" visitedBranchPoints="3" sequenceCoverage="100" branchCoverage="75" maxCyclomaticComplexity="4" minCyclomaticComplexity="4" visitedClasses="1" numClasses="1" visitedMethods="1" numMethods="1" />
          <FullName>GarageFlowService.Application.UseCases.WorkOrders.AddPartToWorkOrderHandler/&lt;Handle&gt;d__4</FullName>
          <Methods>
            <Method cyclomaticComplexity="4" nPathComplexity="4" sequenceCoverage="100" branchCoverage="75" isConstructor="False" isGetter="False" isSetter="False" isStatic="True">
              <Summary numSequencePoints="10" visitedSequencePoints="10" numBranchPoints="4" visitedBranchPoints="3" sequenceCoverage="100" branchCoverage="75" maxCyclomaticComplexity="4" minCyclomaticComplexity="4" visitedClasses="0" numClasses="0" visitedMethods="1" numMethods="1" />
              <MetadataToken />
              <Name>System.Void GarageFlowService.Application.UseCases.WorkOrders.AddPartToWorkOrderHandler/&lt;Handle&gt;d__4::MoveNext()</Name>
              <FileRef uid="1" />
              <SequencePoints>
                <SequencePoint vc="3" uspid="27" ordinal="0" sl="27" sc="1" el="27" ec="2" bec="0" bev="0" fileid="1" />
                <SequencePoint vc="3" uspid="28" ordinal="1" sl="28" sc="1" el="28" ec="2" bec="0" bev="0" fileid="1" />
                <SequencePoint vc="3" uspid="29" ordinal="2" sl="29" sc="1" el="29" ec="2" bec="2" bev="1" fileid="1" />
                <SequencePoint vc="3" uspid="31" ordinal="3" sl="31" sc="1" el="31" ec="2" bec="0" bev="0" fileid="1" />
                <SequencePoint vc="4" uspid="32" ordinal="4" sl="32" sc="1" el="32" ec="2" bec="2" bev="2" fileid="1" />
                <SequencePoint vc="2" uspid="34" ordinal="5" sl="34" sc="1" el="34" ec="2" bec="0" bev="0" fileid="1" />
                <SequencePoint vc="2" uspid="35" ordinal="6" sl="35" sc="1" el="35" ec="2" bec="0" bev="0" fileid="1" />
                <SequencePoint vc="2" uspid="36" ordinal="7" sl="36" sc="1" el="36" ec="2" bec="0" bev="0" fileid="1" />
                <SequencePoint vc="2" uspid="37" ordinal="8" sl="37" sc="1" el="37" ec="2" bec="0" bev="0" fileid="1" />
                <SequencePoint vc="3" uspid="38" ordinal="9" sl="38" sc="1" el="38" ec="2" bec="0" bev="0" fileid="1" />
              </SequencePoints>
              <BranchPoints>
                <BranchPoint vc="0" uspid="29" ordinal="0" path="0" offset="200" offsetend="202" sl="29" fileid="1" />
                <BranchPoint vc="3" uspid="29" ordinal="1" path="1" offset="200" offsetend="209" sl="29" fileid="1" />
                <BranchPoint vc="1" uspid="32" ordinal="2" path="0" offset="372" offsetend="374" sl="32" fileid="1" />
                <BranchPoint vc="2" uspid="32" ordinal="3" path="1" offset="372" offsetend="381" sl="32" fileid="1" />
              </BranchPoints>
              <MethodPoint vc="10" uspid="0" p8:type="SequencePoint" ordinal="0" offset="0" sc="0" sl="27" ec="1" el="38" bec="0" bev="0" fileid="1" xmlns:p8="xsi" />
            </Method>
          </Methods>
        </Class>
        <Class>
          <Summary numSequencePoints="1" visitedSequencePoints="1" numBranchPoints="0" visitedBranchPoints="0" sequenceCoverage="100" branchCoverage="100" maxCyclomaticComplexity="1" minCyclomaticComplexity="1" visitedClasses="1" numClasses="1" visitedMethods="1" numMethods="1" />
          <FullName>GarageFlowService.Application.UseCases.WorkOrders.AddServiceToWorkOrderCommand</FullName>
          <Methods>
            <Method cyclomaticComplexity="1" nPathComplexity="1" sequenceCoverage="100" branchCoverage="100" isConstructor="False" isGetter="True" isSetter="False" isStatic="True">
              <Summary numSequencePoints="1" visitedSequencePoints="1" numBranchPoints="0" visitedBranchPoints="0" sequenceCoverage="100" branchCoverage="100" maxCyclomaticComplexity="1" minCyclomaticComplexity="1" visitedClasses="0" numClasses="0" visitedMethods="1" numMethods="1" />
              <MetadataToken />
              <Name>System.Guid GarageFlowService.Application.UseCases.WorkOrders.AddServiceToWorkOrderCommand::get_WorkOrderId()</Name>
              <FileRef uid="2" />
              <SequencePoints>
                <SequencePoint vc="10" uspid="8" ordinal="0" sl="8" sc="1" el="8" ec="2" bec="0" bev="0" fileid="2" />
              </SequencePoints>
              <BranchPoints />
              <MethodPoint vc="1" uspid="0" p8:type="SequencePoint" ordinal="0" offset="0" sc="0" sl="8" ec="1" el="8" bec="0" bev="0" fileid="2" xmlns:p8="xsi" />
            </Method>
          </Methods>
        </Class>
        <Class>
          <Summary numSequencePoints="9" visitedSequencePoints="9" numBranchPoints="0" visitedBranchPoints="0" sequenceCoverage="100" branchCoverage="100" maxCyclomaticComplexity="1" minCyclomaticComplexity="1" visitedClasses="1" numClasses="1" visitedMethods="1" numMethods="1" />
          <FullName>GarageFlowService.Application.UseCases.WorkOrders.AddServiceToWorkOrderHandler</FullName>
          <Methods>
            <Method cyclomaticComplexity="1" nPathComplexity="1" sequenceCoverage="100" branchCoverage="100" isConstructor="True" isGetter="False" isSetter="False" isStatic="True">
              <Summary numSequencePoints="9" visitedSequencePoints="9" numBranchPoints="0" visitedBranchPoints="0" sequenceCoverage="100" branchCoverage="100" maxCyclomaticComplexity="1" minCyclomaticComplexity="1" visitedClasses="0" numClasses="0" visitedMethods="1" numMethods="1" />
              <MetadataToken />
              <Name>System.Void GarageFlowService.Application.UseCases.WorkOrders.AddServiceToWorkOrderHandler::.ctor(GarageFlowService.Domain.Interfaces.IWorkOrderRepository,GarageFlowService.Domain.Interfaces.IServiceRepository,GarageFlowService.Application.Interfaces.IUnitOfWork)</Name>
              <FileRef uid="2" />
              <SequencePoints>
                <SequencePoint vc="3" uspid="16" ordinal="0" sl="16" sc="1" el="16" ec="2" bec="0" bev="0" fileid="2" />
                <SequencePoint vc="3" uspid="17" ordinal="1" sl="17" sc="1" el="17" ec="2" bec="0" bev="0" fileid="2" />
                <SequencePoint vc="3" uspid="18" ordinal="2" sl="18" sc="1" el="18" ec="2" bec="0" bev="0" fileid="2" />
                <SequencePoint vc="3" uspid="19" ordinal="3" sl="19" sc="1" el="19" ec="2" bec="0" bev="0" fileid="2" />
                <SequencePoint vc="3" uspid="20" ordinal="4" sl="20" sc="1" el="20" ec="2" bec="0" bev="0" fileid="2" />
                <SequencePoint vc="3" uspid="21" ordinal="5" sl="21" sc="1" el="21" ec="2" bec="0" bev="0" fileid="2" />
                <SequencePoint vc="3" uspid="22" ordinal="6" sl="22" sc="1" el="22" ec="2" bec="0" bev="0" fileid="2" />
                <SequencePoint vc="3" uspid="23" ordinal="7" sl="23" sc="1" el="23" ec="2" bec="0" bev="0" fileid="2" />
                <SequencePoint vc="3" uspid="24" ordinal="8" sl="24" sc="1" el="24" ec="2" bec="0" bev="0" fileid="2" />
              </SequencePoints>
              <BranchPoints />
              <MethodPoint vc="9" uspid="0" p8:type="SequencePoint" ordinal="0" offset="0" sc="0" sl="16" ec="1" el="24" bec="0" bev="0" fileid="2" xmlns:p8="xsi" />
            </Method>
          </Methods>
        </Class>
        <Class>
          <Summary numSequencePoints="10" visitedSequencePoints="10" numBranchPoints="4" visitedBranchPoints="3" sequenceCoverage="100" branchCoverage="75" maxCyclomaticComplexity="4" minCyclomaticComplexity="4" visitedClasses="1" numClasses="1" visitedMethods="1" numMethods="1" />
          <FullName>GarageFlowService.Application.UseCases.WorkOrders.AddServiceToWorkOrderHandler/&lt;Handle&gt;d__4</FullName>
          <Methods>
            <Method cyclomaticComplexity="4" nPathComplexity="4" sequenceCoverage="100" branchCoverage="75" isConstructor="False" isGetter="False" isSetter="False" isStatic="True">
              <Summary numSequencePoints="10" visitedSequencePoints="10" numBranchPoints="4" visitedBranchPoints="3" sequenceCoverage="100" branchCoverage="75" maxCyclomaticComplexity="4" minCyclomaticComplexity="4" visitedClasses="0" numClasses="0" visitedMethods="1" numMethods="1" />
              <MetadataToken />
              <Name>System.Void GarageFlowService.Application.UseCases.WorkOrders.AddServiceToWorkOrderHandler/&lt;Handle&gt;d__4::MoveNext()</Name>
              <FileRef uid="2" />
              <SequencePoints>
                <SequencePoint vc="3" uspid="27" ordinal="0" sl="27" sc="1" el="27" ec="2" bec="0" bev="0" fileid="2" />
                <SequencePoint vc="3" uspid="28" ordinal="1" sl="28" sc="1" el="28" ec="2" bec="0" bev="0" fileid="2" />
                <SequencePoint vc="4" uspid="29" ordinal="2" sl="29" sc="1" el="29" ec="2" bec="2" bev="2" fileid="2" />
                <SequencePoint vc="2" uspid="31" ordinal="3" sl="31" sc="1" el="31" ec="2" bec="0" bev="0" fileid="2" />
                <SequencePoint vc="2" uspid="32" ordinal="4" sl="32" sc="1" el="32" ec="2" bec="2" bev="1" fileid="2" />
                <SequencePoint vc="2" uspid="34" ordinal="5" sl="34" sc="1" el="34" ec="2" bec="0" bev="0" fileid="2" />
                <SequencePoint vc="2" uspid="35" ordinal="6" sl="35" sc="1" el="35" ec="2" bec="0" bev="0" fileid="2" />
                <SequencePoint vc="2" uspid="36" ordinal="7" sl="36" sc="1" el="36" ec="2" bec="0" bev="0" fileid="2" />
                <SequencePoint vc="2" uspid="37" ordinal="8" sl="37" sc="1" el="37" ec="2" bec="0" bev="0" fileid="2" />
                <SequencePoint vc="3" uspid="38" ordinal="9" sl="38" sc="1" el="38" ec="2" bec="0" bev="0" fileid="2" />
              </SequencePoints>
              <BranchPoints>
                <BranchPoint vc="1" uspid="29" ordinal="0" path="0" offset="200" offsetend="202" sl="29" fileid="2" />
                <BranchPoint vc="2" uspid="29" ordinal="1" path="1" offset="200" offsetend="209" sl="29" fileid="2" />
                <BranchPoint vc="0" uspid="32" ordinal="2" path="0" offset="372" offsetend="374" sl="32" fileid="2" />
                <BranchPoint vc="2" uspid="32" ordinal="3" path="1" offset="372" offsetend="381" sl="32" fileid="2" />
              </BranchPoints>
              <MethodPoint vc="10" uspid="0" p8:type="SequencePoint" ordinal="0" offset="0" sc="0" sl="27" ec="1" el="38" bec="0" bev="0" fileid="2" xmlns:p8="xsi" />
            </Method>
          </Methods>
        </Class>
        <Class>
          <Summary numSequencePoints="1" visitedSequencePoints="1" numBranchPoints="0" visitedBranchPoints="0" sequenceCoverage="100" branchCoverage="100" maxCyclomaticComplexity="1" minCyclomaticComplexity="1" visitedClasses="1" numClasses="1" visitedMethods="1" numMethods="1" />
          <FullName>GarageFlowService.Application.UseCases.WorkOrders.CreateWorkOrderCommand</FullName>
          <Methods>
            <Method cyclomaticComplexity="1" nPathComplexity="1" sequenceCoverage="100" branchCoverage="100" isConstructor="False" isGetter="True" isSetter="False" isStatic="True">
              <Summary numSequencePoints="1" visitedSequencePoints="1" numBranchPoints="0" visitedBranchPoints="0" sequenceCoverage="100" branchCoverage="100" maxCyclomaticComplexity="1" minCyclomaticComplexity="1" visitedClasses="0" numClasses="0" visitedMethods="1" numMethods="1" />
              <MetadataToken />
              <Name>System.Guid GarageFlowService.Application.UseCases.WorkOrders.CreateWorkOrderCommand::get_CustomerId()</Name>
              <FileRef uid="3" />
              <SequencePoints>
                <SequencePoint vc="12" uspid="9" ordinal="0" sl="9" sc="1" el="9" ec="2" bec="0" bev="0" fileid="3" />
              </SequencePoints>
              <BranchPoints />
              <MethodPoint vc="1" uspid="0" p8:type="SequencePoint" ordinal="0" offset="0" sc="0" sl="9" ec="1" el="9" bec="0" bev="0" fileid="3" xmlns:p8="xsi" />
            </Method>
          </Methods>
        </Class>
        <Class>
          <Summary numSequencePoints="19" visitedSequencePoints="19" numBranchPoints="6" visitedBranchPoints="4" sequenceCoverage="100" branchCoverage="66.66" maxCyclomaticComplexity="6" minCyclomaticComplexity="1" visitedClasses="1" numClasses="1" visitedMethods="2" numMethods="2" />
          <FullName>GarageFlowService.Application.UseCases.WorkOrders.CreateWorkOrderHandler</FullName>
          <Methods>
            <Method cyclomaticComplexity="6" nPathComplexity="6" sequenceCoverage="100" branchCoverage="66.66" isConstructor="False" isGetter="False" isSetter="False" isStatic="True">
              <Summary numSequencePoints="14" visitedSequencePoints="14" numBranchPoints="6" visitedBranchPoints="4" sequenceCoverage="100" branchCoverage="66.66" maxCyclomaticComplexity="6" minCyclomaticComplexity="6" visitedClasses="0" numClasses="0" visitedMethods="1" numMethods="1" />
              <MetadataToken />
              <Name>GarageFlowService.Application.DTOs.WorkOrderDto GarageFlowService.Application.UseCases.WorkOrders.CreateWorkOrderHandler::MapToDto(GarageFlowService.Domain.Entities.WorkOrder)</Name>
              <FileRef uid="3" />
              <SequencePoints>
                <SequencePoint vc="17" uspid="30" ordinal="0" sl="30" sc="1" el="30" ec="2" bec="6" bev="4" fileid="3" />
                <SequencePoint vc="17" uspid="31" ordinal="1" sl="31" sc="1" el="31" ec="2" bec="0" bev="0" fileid="3" />
                <SequencePoint vc="17" uspid="32" ordinal="2" sl="32" sc="1" el="32" ec="2" bec="0" bev="0" fileid="3" />
                <SequencePoint vc="17" uspid="33" ordinal="3" sl="33" sc="1" el="33" ec="2" bec="0" bev="0" fileid="3" />
                <SequencePoint vc="17" uspid="34" ordinal="4" sl="34" sc="1" el="34" ec="2" bec="0" bev="0" fileid="3" />
                <SequencePoint vc="17" uspid="35" ordinal="5" sl="35" sc="1" el="35" ec="2" bec="0" bev="0" fileid="3" />
                <SequencePoint vc="17" uspid="36" ordinal="6" sl="36" sc="1" el="36" ec="2" bec="0" bev="0" fileid="3" />
                <SequencePoint vc="17" uspid="37" ordinal="7" sl="37" sc="1" el="37" ec="2" bec="0" bev="0" fileid="3" />
                <SequencePoint vc="17" uspid="38" ordinal="8" sl="38" sc="1" el="38" ec="2" bec="0" bev="0" fileid="3" />
                <SequencePoint vc="17" uspid="39" ordinal="9" sl="39" sc="1" el="39" ec="2" bec="0" bev="0" fileid="3" />
                <SequencePoint vc="17" uspid="40" ordinal="10" sl="40" sc="1" el="40" ec="2" bec="0" bev="0" fileid="3" />
                <SequencePoint vc="17" uspid="41" ordinal="11" sl="41" sc="1" el="41" ec="2" bec="0" bev="0" fileid="3" />
                <SequencePoint vc="17" uspid="42" ordinal="12" sl="42" sc="1" el="42" ec="2" bec="0" bev="0" fileid="3" />
                <SequencePoint vc="17" uspid="43" ordinal="13" sl="43" sc="1" el="43" ec="2" bec="0" bev="0" fileid="3" />
              </SequencePoints>
              <BranchPoints>
                <BranchPoint vc="17" uspid="30" ordinal="0" path="0" offset="25" offsetend="27" sl="30" fileid="3" />
                <BranchPoint vc="0" uspid="30" ordinal="1" path="1" offset="25" offsetend="31" sl="30" fileid="3" />
                <BranchPoint vc="17" uspid="30" ordinal="2" path="0" offset="37" offsetend="39" sl="30" fileid="3" />
                <BranchPoint vc="17" uspid="30" ordinal="3" path="1" offset="37" offsetend="45" sl="30" fileid="3" />
                <BranchPoint vc="17" uspid="30" ordinal="4" path="0" offset="57" offsetend="59" sl="30" fileid="3" />
                <BranchPoint vc="0" uspid="30" ordinal="5" path="1" offset="57" offsetend="66" sl="30" fileid="3" />
              </BranchPoints>
              <MethodPoint vc="14" uspid="0" p8:type="SequencePoint" ordinal="0" offset="0" sc="0" sl="30" ec="1" el="43" bec="0" bev="0" fileid="3" xmlns:p8="xsi" />
            </Method>
            <Method cyclomaticComplexity="1" nPathComplexity="1" sequenceCoverage="100" branchCoverage="100" isConstructor="True" isGetter="False" isSetter="False" isStatic="True">
              <Summary numSequencePoints="5" visitedSequencePoints="5" numBranchPoints="0" visitedBranchPoints="0" sequenceCoverage="100" branchCoverage="100" maxCyclomaticComplexity="1" minCyclomaticComplexity="1" visitedClasses="0" numClasses="0" visitedMethods="1" numMethods="1" />
              <MetadataToken />
              <Name>System.Void GarageFlowService.Application.UseCases.WorkOrders.CreateWorkOrderHandler::.ctor(GarageFlowService.Domain.Interfaces.IWorkOrderRepository,GarageFlowService.Application.Interfaces.IUnitOfWork)</Name>
              <FileRef uid="3" />
              <SequencePoints>
                <SequencePoint vc="3" uspid="16" ordinal="0" sl="16" sc="1" el="16" ec="2" bec="0" bev="0" fileid="3" />
                <SequencePoint vc="3" uspid="17" ordinal="1" sl="17" sc="1" el="17" ec="2" bec="0" bev="0" fileid="3" />
                <SequencePoint vc="3" uspid="18" ordinal="2" sl="18" sc="1" el="18" ec="2" bec="0" bev="0" fileid="3" />
                <SequencePoint vc="3" uspid="19" ordinal="3" sl="19" sc="1" el="19" ec="2" bec="0" bev="0" fileid="3" />
                <SequencePoint vc="3" uspid="20" ordinal="4" sl="20" sc="1" el="20" ec="2" bec="0" bev="0" fileid="3" />
              </SequencePoints>
              <BranchPoints />
              <MethodPoint vc="5" uspid="0" p8:type="SequencePoint" ordinal="1" offset="1" sc="0" sl="16" ec="1" el="20" bec="0" bev="0" fileid="3" xmlns:p8="xsi" />
            </Method>
          </Methods>
        </Class>
        <Class>
          <Summary numSequencePoints="6" visitedSequencePoints="6" numBranchPoints="0" visitedBranchPoints="0" sequenceCoverage="100" branchCoverage="100" maxCyclomaticComplexity="1" minCyclomaticComplexity="1" visitedClasses="1" numClasses="1" visitedMethods="1" numMethods="1" />
          <FullName>GarageFlowService.Application.UseCases.WorkOrders.CreateWorkOrderHandler/&lt;Handle&gt;d__3</FullName>
          <Methods>
            <Method cyclomaticComplexity="1" nPathComplexity="1" sequenceCoverage="100" branchCoverage="100" isConstructor="False" isGetter="False" isSetter="False" isStatic="True">
              <Summary numSequencePoints="6" visitedSequencePoints="6" numBranchPoints="0" visitedBranchPoints="0" sequenceCoverage="100" branchCoverage="100" maxCyclomaticComplexity="1" minCyclomaticComplexity="1" visitedClasses="0" numClasses="0" visitedMethods="1" numMethods="1" />
              <MetadataToken />
              <Name>System.Void GarageFlowService.Application.UseCases.WorkOrders.CreateWorkOrderHandler/&lt;Handle&gt;d__3::MoveNext()</Name>
              <FileRef uid="3" />
              <SequencePoints>
                <SequencePoint vc="3" uspid="23" ordinal="0" sl="23" sc="1" el="23" ec="2" bec="0" bev="0" fileid="3" />
                <SequencePoint vc="3" uspid="24" ordinal="1" sl="24" sc="1" el="24" ec="2" bec="0" bev="0" fileid="3" />
                <SequencePoint vc="3" uspid="25" ordinal="2" sl="25" sc="1" el="25" ec="2" bec="0" bev="0" fileid="3" />
                <SequencePoint vc="3" uspid="26" ordinal="3" sl="26" sc="1" el="26" ec="2" bec="0" bev="0" fileid="3" />
                <SequencePoint vc="3" uspid="27" ordinal="4" sl="27" sc="1" el="27" ec="2" bec="0" bev="0" fileid="3" />
                <SequencePoint vc="3" uspid="28" ordinal="5" sl="28" sc="1" el="28" ec="2" bec="0" bev="0" fileid="3" />
              </SequencePoints>
              <BranchPoints />
              <MethodPoint vc="6" uspid="0" p8:type="SequencePoint" ordinal="0" offset="0" sc="0" sl="23" ec="1" el="28" bec="0" bev="0" fileid="3" xmlns:p8="xsi" />
            </Method>
          </Methods>
        </Class>
        <Class>
          <Summary numSequencePoints="4" visitedSequencePoints="4" numBranchPoints="0" visitedBranchPoints="0" sequenceCoverage="100" branchCoverage="100" maxCyclomaticComplexity="1" minCyclomaticComplexity="1" visitedClasses="1" numClasses="1" visitedMethods="1" numMethods="1" />
          <FullName>GarageFlowService.Application.UseCases.WorkOrders.GetAllWorkOrdersHandler</FullName>
          <Methods>
            <Method cyclomaticComplexity="1" nPathComplexity="1" sequenceCoverage="100" branchCoverage="100" isConstructor="True" isGetter="False" isSetter="False" isStatic="True">
              <Summary numSequencePoints="4" visitedSequencePoints="4" numBranchPoints="0" visitedBranchPoints="0" sequenceCoverage="100" branchCoverage="100" maxCyclomaticComplexity="1" minCyclomaticComplexity="1" visitedClasses="0" numClasses="0" visitedMethods="1" numMethods="1" />
              <MetadataToken />
              <Name>System.Void GarageFlowService.Application.UseCases.WorkOrders.GetAllWorkOrdersHandler::.ctor(GarageFlowService.Domain.Interfaces.IWorkOrderRepository)</Name>
              <FileRef uid="4" />
              <SequencePoints>
                <SequencePoint vc="4" uspid="13" ordinal="0" sl="13" sc="1" el="13" ec="2" bec="0" bev="0" fileid="4" />
                <SequencePoint vc="4" uspid="14" ordinal="1" sl="14" sc="1" el="14" ec="2" bec="0" bev="0" fileid="4" />
                <SequencePoint vc="4" uspid="15" ordinal="2" sl="15" sc="1" el="15" ec="2" bec="0" bev="0" fileid="4" />
                <SequencePoint vc="4" uspid="16" ordinal="3" sl="16" sc="1" el="16" ec="2" bec="0" bev="0" fileid="4" />
              </SequencePoints>
              <BranchPoints />
              <MethodPoint vc="4" uspid="0" p8:type="SequencePoint" ordinal="0" offset="0" sc="0" sl="13" ec="1" el="16" bec="0" bev="0" fileid="4" xmlns:p8="xsi" />
            </Method>
          </Methods>
        </Class>
        <Class>
          <Summary numSequencePoints="4" visitedSequencePoints="4" numBranchPoints="0" visitedBranchPoints="0" sequenceCoverage="100" branchCoverage="100" maxCyclomaticComplexity="1" minCyclomaticComplexity="1" visitedClasses="1" numClasses="1" visitedMethods="1" numMethods="1" />
          <FullName>GarageFlowService.Application.UseCases.WorkOrders.GetAllWorkOrdersHandler/&lt;Handle&gt;d__2</FullName>
          <Methods>
            <Method cyclomaticComplexity="1" nPathComplexity="1" sequenceCoverage="100" branchCoverage="100" isConstructor="False" isGetter="False" isSetter="False" isStatic="True">
              <Summary numSequencePoints="4" visitedSequencePoints="4" numBranchPoints="0" visitedBranchPoints="0" sequenceCoverage="100" branchCoverage="100" maxCyclomaticComplexity="1" minCyclomaticComplexity="1" visitedClasses="0" numClasses="0" visitedMethods="1" numMethods="1" />
              <MetadataToken />
              <Name>System.Void GarageFlowService.Application.UseCases.WorkOrders.GetAllWorkOrdersHandler/&lt;Handle&gt;d__2::MoveNext()</Name>
              <FileRef uid="4" />
              <SequencePoints>
                <SequencePoint vc="4" uspid="19" ordinal="0" sl="19" sc="1" el="19" ec="2" bec="0" bev="0" fileid="4" />
                <SequencePoint vc="4" uspid="20" ordinal="1" sl="20" sc="1" el="20" ec="2" bec="0" bev="0" fileid="4" />
                <SequencePoint vc="4" uspid="21" ordinal="2" sl="21" sc="1" el="21" ec="2" bec="0" bev="0" fileid="4" />
                <SequencePoint vc="4" uspid="22" ordinal="3" sl="22" sc="1" el="22" ec="2" bec="0" bev="0" fileid="4" />
              </SequencePoints>
              <BranchPoints />
              <MethodPoint vc="4" uspid="0" p8:type="SequencePoint" ordinal="0" offset="0" sc="0" sl="19" ec="1" el="22" bec="0" bev="0" fileid="4" xmlns:p8="xsi" />
            </Method>
          </Methods>
        </Class>
        <Class>
          <Summary numSequencePoints="1" visitedSequencePoints="1" numBranchPoints="0" visitedBranchPoints="0" sequenceCoverage="100" branchCoverage="100" maxCyclomaticComplexity="1" minCyclomaticComplexity="1" visitedClasses="1" numClasses="1" visitedMethods="1" numMethods="1" />
          <FullName>GarageFlowService.Application.UseCases.WorkOrders.GetWorkOrderBudgetQuery</FullName>
          <Methods>
            <Method cyclomaticComplexity="1" nPathComplexity="1" sequenceCoverage="100" branchCoverage="100" isConstructor="False" isGetter="True" isSetter="False" isStatic="True">
              <Summary numSequencePoints="1" visitedSequencePoints="1" numBranchPoints="0" visitedBranchPoints="0" sequenceCoverage="100" branchCoverage="100" maxCyclomaticComplexity="1" minCyclomaticComplexity="1" visitedClasses="0" numClasses="0" visitedMethods="1" numMethods="1" />
              <MetadataToken />
              <Name>System.Guid GarageFlowService.Application.UseCases.WorkOrders.GetWorkOrderBudgetQuery::get_Id()</Name>
              <FileRef uid="5" />
              <SequencePoints>
                <SequencePoint vc="6" uspid="7" ordinal="0" sl="7" sc="1" el="7" ec="2" bec="0" bev="0" fileid="5" />
              </SequencePoints>
              <BranchPoints />
              <MethodPoint vc="1" uspid="0" p8:type="SequencePoint" ordinal="0" offset="0" sc="0" sl="7" ec="1" el="7" bec="0" bev="0" fileid="5" xmlns:p8="xsi" />
            </Method>
          </Methods>
        </Class>
        <Class>
          <Summary numSequencePoints="4" visitedSequencePoints="4" numBranchPoints="0" visitedBranchPoints="0" sequenceCoverage="100" branchCoverage="100" maxCyclomaticComplexity="1" minCyclomaticComplexity="1" visitedClasses="1" numClasses="1" visitedMethods="1" numMethods="1" />
          <FullName>GarageFlowService.Application.UseCases.WorkOrders.GetWorkOrderBudgetHandler</FullName>
          <Methods>
            <Method cyclomaticComplexity="1" nPathComplexity="1" sequenceCoverage="100" branchCoverage="100" isConstructor="True" isGetter="False" isSetter="False" isStatic="True">
              <Summary numSequencePoints="4" visitedSequencePoints="4" numBranchPoints="0" visitedBranchPoints="0" sequenceCoverage="100" branchCoverage="100" maxCyclomaticComplexity="1" minCyclomaticComplexity="1" visitedClasses="0" numClasses="0" visitedMethods="1" numMethods="1" />
              <MetadataToken />
              <Name>System.Void GarageFlowService.Application.UseCases.WorkOrders.GetWorkOrderBudgetHandler::.ctor(GarageFlowService.Domain.Interfaces.IWorkOrderRepository)</Name>
              <FileRef uid="5" />
              <SequencePoints>
                <SequencePoint vc="3" uspid="13" ordinal="0" sl="13" sc="1" el="13" ec="2" bec="0" bev="0" fileid="5" />
                <SequencePoint vc="3" uspid="14" ordinal="1" sl="14" sc="1" el="14" ec="2" bec="0" bev="0" fileid="5" />
                <SequencePoint vc="3" uspid="15" ordinal="2" sl="15" sc="1" el="15" ec="2" bec="0" bev="0" fileid="5" />
                <SequencePoint vc="3" uspid="16" ordinal="3" sl="16" sc="1" el="16" ec="2" bec="0" bev="0" fileid="5" />
              </SequencePoints>
              <BranchPoints />
              <MethodPoint vc="4" uspid="0" p8:type="SequencePoint" ordinal="0" offset="0" sc="0" sl="13" ec="1" el="16" bec="0" bev="0" fileid="5" xmlns:p8="xsi" />
            </Method>
          </Methods>
        </Class>
        <Class>
          <Summary numSequencePoints="2" visitedSequencePoints="1" numBranchPoints="0" visitedBranchPoints="0" sequenceCoverage="50" branchCoverage="100" maxCyclomaticComplexity="1" minCyclomaticComplexity="1" visitedClasses="1" numClasses="1" visitedMethods="1" numMethods="2" />
          <FullName>GarageFlowService.Application.UseCases.WorkOrders.GetWorkOrderBudgetHandler/&lt;&gt;c</FullName>
          <Methods>
            <Method cyclomaticComplexity="1" nPathComplexity="1" sequenceCoverage="100" branchCoverage="100" isConstructor="False" isGetter="False" isSetter="False" isStatic="True">
              <Summary numSequencePoints="1" visitedSequencePoints="1" numBranchPoints="0" visitedBranchPoints="0" sequenceCoverage="100" branchCoverage="100" maxCyclomaticComplexity="1" minCyclomaticComplexity="1" visitedClasses="0" numClasses="0" visitedMethods="1" numMethods="1" />
              <MetadataToken />
              <Name>GarageFlowService.Application.DTOs.BudgetItemDto GarageFlowService.Application.UseCases.WorkOrders.GetWorkOrderBudgetHandler/&lt;&gt;c::&lt;Handle&gt;b__2_0(GarageFlowService.Domain.Entities.BudgetItem)</Name>
              <FileRef uid="5" />
              <SequencePoints>
                <SequencePoint vc="3" uspid="28" ordinal="0" sl="28" sc="1" el="28" ec="2" bec="0" bev="0" fileid="5" />
              </SequencePoints>
              <BranchPoints />
              <MethodPoint vc="1" uspid="0" p8:type="SequencePoint" ordinal="0" offset="0" sc="0" sl="28" ec="1" el="28" bec="0" bev="0" fileid="5" xmlns:p8="xsi" />
            </Method>
            <Method cyclomaticComplexity="1" nPathComplexity="1" sequenceCoverage="0" branchCoverage="100" isConstructor="False" isGetter="False" isSetter="False" isStatic="True">
              <Summary numSequencePoints="1" visitedSequencePoints="0" numBranchPoints="0" visitedBranchPoints="0" sequenceCoverage="0" branchCoverage="100" maxCyclomaticComplexity="1" minCyclomaticComplexity="1" visitedClasses="0" numClasses="0" visitedMethods="0" numMethods="1" />
              <MetadataToken />
              <Name>GarageFlowService.Application.DTOs.BudgetItemDto GarageFlowService.Application.UseCases.WorkOrders.GetWorkOrderBudgetHandler/&lt;&gt;c::&lt;Handle&gt;b__2_1(GarageFlowService.Domain.Entities.BudgetItem)</Name>
              <FileRef uid="5" />
              <SequencePoints>
                <SequencePoint vc="0" uspid="29" ordinal="0" sl="29" sc="1" el="29" ec="2" bec="0" bev="0" fileid="5" />
              </SequencePoints>
              <BranchPoints />
              <MethodPoint vc="0" uspid="0" p8:type="SequencePoint" ordinal="1" offset="1" sc="0" sl="29" ec="1" el="29" bec="0" bev="0" fileid="5" xmlns:p8="xsi" />
            </Method>
          </Methods>
        </Class>
        <Class>
          <Summary numSequencePoints="9" visitedSequencePoints="9" numBranchPoints="2" visitedBranchPoints="2" sequenceCoverage="100" branchCoverage="100" maxCyclomaticComplexity="2" minCyclomaticComplexity="2" visitedClasses="1" numClasses="1" visitedMethods="1" numMethods="1" />
          <FullName>GarageFlowService.Application.UseCases.WorkOrders.GetWorkOrderBudgetHandler/&lt;Handle&gt;d__2</FullName>
          <Methods>
            <Method cyclomaticComplexity="2" nPathComplexity="2" sequenceCoverage="100" branchCoverage="100" isConstructor="False" isGetter="False" isSetter="False" isStatic="True">
              <Summary numSequencePoints="9" visitedSequencePoints="9" numBranchPoints="2" visitedBranchPoints="2" sequenceCoverage="100" branchCoverage="100" maxCyclomaticComplexity="2" minCyclomaticComplexity="2" visitedClasses="0" numClasses="0" visitedMethods="1" numMethods="1" />
              <MetadataToken />
              <Name>System.Void GarageFlowService.Application.UseCases.WorkOrders.GetWorkOrderBudgetHandler/&lt;Handle&gt;d__2::MoveNext()</Name>
              <FileRef uid="5" />
              <SequencePoints>
                <SequencePoint vc="3" uspid="19" ordinal="0" sl="19" sc="1" el="19" ec="2" bec="0" bev="0" fileid="5" />
                <SequencePoint vc="3" uspid="20" ordinal="1" sl="20" sc="1" el="20" ec="2" bec="0" bev="0" fileid="5" />
                <SequencePoint vc="4" uspid="21" ordinal="2" sl="21" sc="1" el="21" ec="2" bec="2" bev="2" fileid="5" />
                <SequencePoint vc="2" uspid="23" ordinal="3" sl="23" sc="1" el="23" ec="2" bec="0" bev="0" fileid="5" />
                <SequencePoint vc="2" uspid="24" ordinal="4" sl="24" sc="1" el="24" ec="2" bec="0" bev="0" fileid="5" />
                <SequencePoint vc="2" uspid="26" ordinal="5" sl="26" sc="1" el="26" ec="2" bec="0" bev="0" fileid="5" />
                <SequencePoint vc="2" uspid="27" ordinal="6" sl="27" sc="1" el="27" ec="2" bec="0" bev="0" fileid="5" />
                <SequencePoint vc="2" uspid="30" ordinal="7" sl="30" sc="1" el="30" ec="2" bec="0" bev="0" fileid="5" />
                <SequencePoint vc="3" uspid="31" ordinal="8" sl="31" sc="1" el="31" ec="2" bec="0" bev="0" fileid="5" />
              </SequencePoints>
              <BranchPoints>
                <BranchPoint vc="1" uspid="21" ordinal="0" path="0" offset="175" offsetend="177" sl="21" fileid="5" />
                <BranchPoint vc="2" uspid="21" ordinal="1" path="1" offset="175" offsetend="184" sl="21" fileid="5" />
              </BranchPoints>
              <MethodPoint vc="9" uspid="0" p8:type="SequencePoint" ordinal="0" offset="0" sc="0" sl="19" ec="1" el="31" bec="0" bev="0" fileid="5" xmlns:p8="xsi" />
            </Method>
          </Methods>
        </Class>
        <Class>
          <Summary numSequencePoints="1" visitedSequencePoints="1" numBranchPoints="0" visitedBranchPoints="0" sequenceCoverage="100" branchCoverage="100" maxCyclomaticComplexity="1" minCyclomaticComplexity="1" visitedClasses="1" numClasses="1" visitedMethods="1" numMethods="1" />
          <FullName>GarageFlowService.Application.UseCases.WorkOrders.GetWorkOrderByIdQuery</FullName>
          <Methods>
            <Method cyclomaticComplexity="1" nPathComplexity="1" sequenceCoverage="100" branchCoverage="100" isConstructor="False" isGetter="True" isSetter="False" isStatic="True">
              <Summary numSequencePoints="1" visitedSequencePoints="1" numBranchPoints="0" visitedBranchPoints="0" sequenceCoverage="100" branchCoverage="100" maxCyclomaticComplexity="1" minCyclomaticComplexity="1" visitedClasses="0" numClasses="0" visitedMethods="1" numMethods="1" />
              <MetadataToken />
              <Name>System.Guid GarageFlowService.Application.UseCases.WorkOrders.GetWorkOrderByIdQuery::get_Id()</Name>
              <FileRef uid="6" />
              <SequencePoints>
                <SequencePoint vc="10" uspid="7" ordinal="0" sl="7" sc="1" el="7" ec="2" bec="0" bev="0" fileid="6" />
              </SequencePoints>
              <BranchPoints />
              <MethodPoint vc="1" uspid="0" p8:type="SequencePoint" ordinal="0" offset="0" sc="0" sl="7" ec="1" el="7" bec="0" bev="0" fileid="6" xmlns:p8="xsi" />
            </Method>
          </Methods>
        </Class>
        <Class>
          <Summary numSequencePoints="4" visitedSequencePoints="4" numBranchPoints="0" visitedBranchPoints="0" sequenceCoverage="100" branchCoverage="100" maxCyclomaticComplexity="1" minCyclomaticComplexity="1" visitedClasses="1" numClasses="1" visitedMethods="1" numMethods="1" />
          <FullName>GarageFlowService.Application.UseCases.WorkOrders.GetWorkOrderByIdHandler</FullName>
          <Methods>
            <Method cyclomaticComplexity="1" nPathComplexity="1" sequenceCoverage="100" branchCoverage="100" isConstructor="True" isGetter="False" isSetter="False" isStatic="True">
              <Summary numSequencePoints="4" visitedSequencePoints="4" numBranchPoints="0" visitedBranchPoints="0" sequenceCoverage="100" branchCoverage="100" maxCyclomaticComplexity="1" minCyclomaticComplexity="1" visitedClasses="0" numClasses="0" visitedMethods="1" numMethods="1" />
              <MetadataToken />
              <Name>System.Void GarageFlowService.Application.UseCases.WorkOrders.GetWorkOrderByIdHandler::.ctor(GarageFlowService.Domain.Interfaces.IWorkOrderRepository)</Name>
              <FileRef uid="6" />
              <SequencePoints>
                <SequencePoint vc="5" uspid="13" ordinal="0" sl="13" sc="1" el="13" ec="2" bec="0" bev="0" fileid="6" />
                <SequencePoint vc="5" uspid="14" ordinal="1" sl="14" sc="1" el="14" ec="2" bec="0" bev="0" fileid="6" />
                <SequencePoint vc="5" uspid="15" ordinal="2" sl="15" sc="1" el="15" ec="2" bec="0" bev="0" fileid="6" />
                <SequencePoint vc="5" uspid="16" ordinal="3" sl="16" sc="1" el="16" ec="2" bec="0" bev="0" fileid="6" />
              </SequencePoints>
              <BranchPoints />
              <MethodPoint vc="4" uspid="0" p8:type="SequencePoint" ordinal="0" offset="0" sc="0" sl="13" ec="1" el="16" bec="0" bev="0" fileid="6" xmlns:p8="xsi" />
            </Method>
          </Methods>
        </Class>
        <Class>
          <Summary numSequencePoints="2" visitedSequencePoints="2" numBranchPoints="8" visitedBranchPoints="6" sequenceCoverage="100" branchCoverage="75" maxCyclomaticComplexity="4" minCyclomaticComplexity="4" visitedClasses="1" numClasses="1" visitedMethods="2" numMethods="2" />
          <FullName>GarageFlowService.Application.UseCases.WorkOrders.GetWorkOrderByIdHandler/&lt;&gt;c</FullName>
          <Methods>
            <Method cyclomaticComplexity="4" nPathComplexity="4" sequenceCoverage="100" branchCoverage="75" isConstructor="False" isGetter="False" isSetter="False" isStatic="True">
              <Summary numSequencePoints="1" visitedSequencePoints="1" numBranchPoints="4" visitedBranchPoints="3" sequenceCoverage="100" branchCoverage="75" maxCyclomaticComplexity="4" minCyclomaticComplexity="4" visitedClasses="0" numClasses="0" visitedMethods="1" numMethods="1" />
              <MetadataToken />
              <Name>GarageFlowService.Application.DTOs.WorkOrderServiceDto GarageFlowService.Application.UseCases.WorkOrders.GetWorkOrderByIdHandler/&lt;&gt;c::&lt;Handle&gt;b__2_0(GarageFlowService.Domain.Entities.WorkOrderService)</Name>
              <FileRef uid="6" />
              <SequencePoints>
                <SequencePoint vc="1" uspid="37" ordinal="0" sl="37" sc="1" el="37" ec="2" bec="4" bev="3" fileid="6" />
              </SequencePoints>
              <BranchPoints>
                <BranchPoint vc="1" uspid="37" ordinal="0" path="0" offset="13" offsetend="15" sl="37" fileid="6" />
                <BranchPoint vc="0" uspid="37" ordinal="1" path="1" offset="13" offsetend="19" sl="37" fileid="6" />
                <BranchPoint vc="1" uspid="37" ordinal="2" path="0" offset="25" offsetend="27" sl="37" fileid="6" />
                <BranchPoint vc="1" uspid="37" ordinal="3" path="1" offset="25" offsetend="33" sl="37" fileid="6" />
              </BranchPoints>
              <MethodPoint vc="1" uspid="0" p8:type="SequencePoint" ordinal="0" offset="0" sc="0" sl="37" ec="1" el="37" bec="0" bev="0" fileid="6" xmlns:p8="xsi" />
            </Method>
            <Method cyclomaticComplexity="4" nPathComplexity="4" sequenceCoverage="100" branchCoverage="75" isConstructor="False" isGetter="False" isSetter="False" isStatic="True">
              <Summary numSequencePoints="1" visitedSequencePoints="1" numBranchPoints="4" visitedBranchPoints="3" sequenceCoverage="100" branchCoverage="75" maxCyclomaticComplexity="4" minCyclomaticComplexity="4" visitedClasses="0" numClasses="0" visitedMethods="1" numMethods="1" />
              <MetadataToken />
              <Name>GarageFlowService.Application.DTOs.WorkOrderPartDto GarageFlowService.Application.UseCases.WorkOrders.GetWorkOrderByIdHandler/&lt;&gt;c::&lt;Handle&gt;b__2_1(GarageFlowService.Domain.Entities.WorkOrderPart)</Name>
              <FileRef uid="6" />
              <SequencePoints>
                <SequencePoint vc="4" uspid="38" ordinal="0" sl="38" sc="1" el="38" ec="2" bec="4" bev="3" fileid="6" />
              </SequencePoints>
              <BranchPoints>
                <BranchPoint vc="1" uspid="38" ordinal="0" path="0" offset="13" offsetend="15" sl="38" fileid="6" />
                <BranchPoint vc="0" uspid="38" ordinal="1" path="1" offset="13" offsetend="19" sl="38" fileid="6" />
                <BranchPoint vc="1" uspid="38" ordinal="2" path="0" offset="25" offsetend="27" sl="38" fileid="6" />
                <BranchPoint vc="1" uspid="38" ordinal="3" path="1" offset="25" offsetend="33" sl="38" fileid="6" />
              </BranchPoints>
              <MethodPoint vc="1" uspid="0" p8:type="SequencePoint" ordinal="1" offset="1" sc="0" sl="38" ec="1" el="38" bec="0" bev="0" fileid="6" xmlns:p8="xsi" />
            </Method>
          </Methods>
        </Class>
        <Class>
          <Summary numSequencePoints="18" visitedSequencePoints="18" numBranchPoints="8" visitedBranchPoints="6" sequenceCoverage="100" branchCoverage="75" maxCyclomaticComplexity="8" minCyclomaticComplexity="8" visitedClasses="1" numClasses="1" visitedMethods="1" numMethods="1" />
          <FullName>GarageFlowService.Application.UseCases.WorkOrders.GetWorkOrderByIdHandler/&lt;Handle&gt;d__2</FullName>
          <Methods>
            <Method cyclomaticComplexity="8" nPathComplexity="8" sequenceCoverage="100" branchCoverage="75" isConstructor="False" isGetter="False" isSetter="False" isStatic="True">
              <Summary numSequencePoints="18" visitedSequencePoints="18" numBranchPoints="8" visitedBranchPoints="6" sequenceCoverage="100" branchCoverage="75" maxCyclomaticComplexity="8" minCyclomaticComplexity="8" visitedClasses="0" numClasses="0" visitedMethods="1" numMethods="1" />
              <MetadataToken />
              <Name>System.Void GarageFlowService.Application.UseCases.WorkOrders.GetWorkOrderByIdHandler/&lt;Handle&gt;d__2::MoveNext()</Name>
              <FileRef uid="6" />
              <SequencePoints>
                <SequencePoint vc="5" uspid="19" ordinal="0" sl="19" sc="1" el="19" ec="2" bec="0" bev="0" fileid="6" />
                <SequencePoint vc="5" uspid="20" ordinal="1" sl="20" sc="1" el="20" ec="2" bec="0" bev="0" fileid="6" />
                <SequencePoint vc="7" uspid="21" ordinal="2" sl="21" sc="1" el="21" ec="2" bec="2" bev="2" fileid="6" />
                <SequencePoint vc="3" uspid="23" ordinal="3" sl="23" sc="1" el="23" ec="2" bec="6" bev="4" fileid="6" />
                <SequencePoint vc="3" uspid="24" ordinal="4" sl="24" sc="1" el="24" ec="2" bec="0" bev="0" fileid="6" />
                <SequencePoint vc="3" uspid="25" ordinal="5" sl="25" sc="1" el="25" ec="2" bec="0" bev="0" fileid="6" />
                <SequencePoint vc="3" uspid="26" ordinal="6" sl="26" sc="1" el="26" ec="2" bec="0" bev="0" fileid="6" />
                <SequencePoint vc="3" uspid="27" ordinal="7" sl="27" sc="1" el="27" ec="2" bec="0" bev="0" fileid="6" />
                <SequencePoint vc="3" uspid="28" ordinal="8" sl="28" sc="1" el="28" ec="2" bec="0" bev="0" fileid="6" />
                <SequencePoint vc="3" uspid="29" ordinal="9" sl="29" sc="1" el="29" ec="2" bec="0" bev="0" fileid="6" />
                <SequencePoint vc="3" uspid="30" ordinal="10" sl="30" sc="1" el="30" ec="2" bec="0" bev="0" fileid="6" />
                <SequencePoint vc="3" uspid="31" ordinal="11" sl="31" sc="1" el="31" ec="2" bec="0" bev="0" fileid="6" />
                <SequencePoint vc="3" uspid="32" ordinal="12" sl="32" sc="1" el="32" ec="2" bec="0" bev="0" fileid="6" />
                <SequencePoint vc="3" uspid="33" ordinal="13" sl="33" sc="1" el="33" ec="2" bec="0" bev="0" fileid="6" />
                <SequencePoint vc="3" uspid="34" ordinal="14" sl="34" sc="1" el="34" ec="2" bec="0" bev="0" fileid="6" />
                <SequencePoint vc="3" uspid="35" ordinal="15" sl="35" sc="1" el="35" ec="2" bec="0" bev="0" fileid="6" />
                <SequencePoint vc="3" uspid="36" ordinal="16" sl="36" sc="1" el="36" ec="2" bec="0" bev="0" fileid="6" />
                <SequencePoint vc="5" uspid="39" ordinal="17" sl="39" sc="1" el="39" ec="2" bec="0" bev="0" fileid="6" />
              </SequencePoints>
              <BranchPoints>
                <BranchPoint vc="2" uspid="21" ordinal="0" path="0" offset="175" offsetend="177" sl="21" fileid="6" />
                <BranchPoint vc="3" uspid="21" ordinal="1" path="1" offset="175" offsetend="184" sl="21" fileid="6" />
                <BranchPoint vc="3" uspid="23" ordinal="2" path="0" offset="229" offsetend="231" sl="23" fileid="6" />
                <BranchPoint vc="0" uspid="23" ordinal="3" path="1" offset="229" offsetend="235" sl="23" fileid="6" />
                <BranchPoint vc="3" uspid="23" ordinal="4" path="0" offset="241" offsetend="243" sl="23" fileid="6" />
                <BranchPoint vc="3" uspid="23" ordinal="5" path="1" offset="241" offsetend="249" sl="23" fileid="6" />
                <BranchPoint vc="3" uspid="23" ordinal="6" path="0" offset="271" offsetend="273" sl="23" fileid="6" />
                <BranchPoint vc="0" uspid="23" ordinal="7" path="1" offset="271" offsetend="280" sl="23" fileid="6" />
              </BranchPoints>
              <MethodPoint vc="18" uspid="0" p8:type="SequencePoint" ordinal="0" offset="0" sc="0" sl="19" ec="1" el="39" bec="0" bev="0" fileid="6" xmlns:p8="xsi" />
            </Method>
          </Methods>
        </Class>
        <Class>
          <Summary numSequencePoints="1" visitedSequencePoints="1" numBranchPoints="0" visitedBranchPoints="0" sequenceCoverage="100" branchCoverage="100" maxCyclomaticComplexity="1" minCyclomaticComplexity="1" visitedClasses="1" numClasses="1" visitedMethods="1" numMethods="1" />
          <FullName>GarageFlowService.Application.UseCases.WorkOrders.UpdateWorkOrderStatusCommand</FullName>
          <Methods>
            <Method cyclomaticComplexity="1" nPathComplexity="1" sequenceCoverage="100" branchCoverage="100" isConstructor="False" isGetter="True" isSetter="False" isStatic="True">
              <Summary numSequencePoints="1" visitedSequencePoints="1" numBranchPoints="0" visitedBranchPoints="0" sequenceCoverage="100" branchCoverage="100" maxCyclomaticComplexity="1" minCyclomaticComplexity="1" visitedClasses="0" numClasses="0" visitedMethods="1" numMethods="1" />
              <MetadataToken />
              <Name>System.Guid GarageFlowService.Application.UseCases.WorkOrders.UpdateWorkOrderStatusCommand::get_Id()</Name>
              <FileRef uid="7" />
              <SequencePoints>
                <SequencePoint vc="8" uspid="9" ordinal="0" sl="9" sc="1" el="9" ec="2" bec="0" bev="0" fileid="7" />
              </SequencePoints>
              <BranchPoints />
              <MethodPoint vc="1" uspid="0" p8:type="SequencePoint" ordinal="0" offset="0" sc="0" sl="9" ec="1" el="9" bec="0" bev="0" fileid="7" xmlns:p8="xsi" />
            </Method>
          </Methods>
        </Class>
        <Class>
          <Summary numSequencePoints="5" visitedSequencePoints="5" numBranchPoints="0" visitedBranchPoints="0" sequenceCoverage="100" branchCoverage="100" maxCyclomaticComplexity="1" minCyclomaticComplexity="1" visitedClasses="1" numClasses="1" visitedMethods="1" numMethods="1" />
          <FullName>GarageFlowService.Application.UseCases.WorkOrders.UpdateWorkOrderStatusHandler</FullName>
          <Methods>
            <Method cyclomaticComplexity="1" nPathComplexity="1" sequenceCoverage="100" branchCoverage="100" isConstructor="True" isGetter="False" isSetter="False" isStatic="True">
              <Summary numSequencePoints="5" visitedSequencePoints="5" numBranchPoints="0" visitedBranchPoints="0" sequenceCoverage="100" branchCoverage="100" maxCyclomaticComplexity="1" minCyclomaticComplexity="1" visitedClasses="0" numClasses="0" visitedMethods="1" numMethods="1" />
              <MetadataToken />
              <Name>System.Void GarageFlowService.Application.UseCases.WorkOrders.UpdateWorkOrderStatusHandler::.ctor(GarageFlowService.Domain.Interfaces.IWorkOrderRepository,GarageFlowService.Application.Interfaces.IUnitOfWork)</Name>
              <FileRef uid="7" />
              <SequencePoints>
                <SequencePoint vc="3" uspid="16" ordinal="0" sl="16" sc="1" el="16" ec="2" bec="0" bev="0" fileid="7" />
                <SequencePoint vc="3" uspid="17" ordinal="1" sl="17" sc="1" el="17" ec="2" bec="0" bev="0" fileid="7" />
                <SequencePoint vc="3" uspid="18" ordinal="2" sl="18" sc="1" el="18" ec="2" bec="0" bev="0" fileid="7" />
                <SequencePoint vc="3" uspid="19" ordinal="3" sl="19" sc="1" el="19" ec="2" bec="0" bev="0" fileid="7" />
                <SequencePoint vc="3" uspid="20" ordinal="4" sl="20" sc="1" el="20" ec="2" bec="0" bev="0" fileid="7" />
              </SequencePoints>
              <BranchPoints />
              <MethodPoint vc="5" uspid="0" p8:type="SequencePoint" ordinal="0" offset="0" sc="0" sl="16" ec="1" el="20" bec="0" bev="0" fileid="7" xmlns:p8="xsi" />
            </Method>
          </Methods>
        </Class>
        <Class>
          <Summary numSequencePoints="8" visitedSequencePoints="8" numBranchPoints="2" visitedBranchPoints="2" sequenceCoverage="100" branchCoverage="100" maxCyclomaticComplexity="2" minCyclomaticComplexity="2" visitedClasses="1" numClasses="1" visitedMethods="1" numMethods="1" />
          <FullName>GarageFlowService.Application.UseCases.WorkOrders.UpdateWorkOrderStatusHandler/&lt;Handle&gt;d__3</FullName>
          <Methods>
            <Method cyclomaticComplexity="2" nPathComplexity="2" sequenceCoverage="100" branchCoverage="100" isConstructor="False" isGetter="False" isSetter="False" isStatic="True">
              <Summary numSequencePoints="8" visitedSequencePoints="8" numBranchPoints="2" visitedBranchPoints="2" sequenceCoverage="100" branchCoverage="100" maxCyclomaticComplexity="2" minCyclomaticComplexity="2" visitedClasses="0" numClasses="0" visitedMethods="1" numMethods="1" />
              <MetadataToken />
              <Name>System.Void GarageFlowService.Application.UseCases.WorkOrders.UpdateWorkOrderStatusHandler/&lt;Handle&gt;d__3::MoveNext()</Name>
              <FileRef uid="7" />
              <SequencePoints>
                <SequencePoint vc="3" uspid="23" ordinal="0" sl="23" sc="1" el="23" ec="2" bec="0" bev="0" fileid="7" />
                <SequencePoint vc="3" uspid="24" ordinal="1" sl="24" sc="1" el="24" ec="2" bec="0" bev="0" fileid="7" />
                <SequencePoint vc="4" uspid="25" ordinal="2" sl="25" sc="1" el="25" ec="2" bec="2" bev="2" fileid="7" />
                <SequencePoint vc="2" uspid="27" ordinal="3" sl="27" sc="1" el="27" ec="2" bec="0" bev="0" fileid="7" />
                <SequencePoint vc="2" uspid="28" ordinal="4" sl="28" sc="1" el="28" ec="2" bec="0" bev="0" fileid="7" />
                <SequencePoint vc="2" uspid="29" ordinal="5" sl="29" sc="1" el="29" ec="2" bec="0" bev="0" fileid="7" />
                <SequencePoint vc="2" uspid="30" ordinal="6" sl="30" sc="1" el="30" ec="2" bec="0" bev="0" fileid="7" />
                <SequencePoint vc="3" uspid="31" ordinal="7" sl="31" sc="1" el="31" ec="2" bec="0" bev="0" fileid="7" />
              </SequencePoints>
              <BranchPoints>
                <BranchPoint vc="1" uspid="25" ordinal="0" path="0" offset="186" offsetend="188" sl="25" fileid="7" />
                <BranchPoint vc="2" uspid="25" ordinal="1" path="1" offset="186" offsetend="195" sl="25" fileid="7" />
              </BranchPoints>
              <MethodPoint vc="8" uspid="0" p8:type="SequencePoint" ordinal="0" offset="0" sc="0" sl="23" ec="1" el="31" bec="0" bev="0" fileid="7" xmlns:p8="xsi" />
            </Method>
          </Methods>
        </Class>
        <Class>
          <Summary numSequencePoints="1" visitedSequencePoints="1" numBranchPoints="0" visitedBranchPoints="0" sequenceCoverage="100" branchCoverage="100" maxCyclomaticComplexity="1" minCyclomaticComplexity="1" visitedClasses="1" numClasses="1" visitedMethods="1" numMethods="1" />
          <FullName>GarageFlowService.Application.UseCases.Vehicles.CreateVehicleCommand</FullName>
          <Methods>
            <Method cyclomaticComplexity="1" nPathComplexity="1" sequenceCoverage="100" branchCoverage="100" isConstructor="False" isGetter="True" isSetter="False" isStatic="True">
              <Summary numSequencePoints="1" visitedSequencePoints="1" numBranchPoints="0" visitedBranchPoints="0" sequenceCoverage="100" branchCoverage="100" maxCyclomaticComplexity="1" minCyclomaticComplexity="1" visitedClasses="0" numClasses="0" visitedMethods="1" numMethods="1" />
              <MetadataToken />
              <Name>System.Guid GarageFlowService.Application.UseCases.Vehicles.CreateVehicleCommand::get_CustomerId()</Name>
              <FileRef uid="8" />
              <SequencePoints>
                <SequencePoint vc="21" uspid="9" ordinal="0" sl="9" sc="1" el="9" ec="2" bec="0" bev="0" fileid="8" />
              </SequencePoints>
              <BranchPoints />
              <MethodPoint vc="1" uspid="0" p8:type="SequencePoint" ordinal="0" offset="0" sc="0" sl="9" ec="1" el="9" bec="0" bev="0" fileid="8" xmlns:p8="xsi" />
            </Method>
          </Methods>
        </Class>
        <Class>
          <Summary numSequencePoints="5" visitedSequencePoints="5" numBranchPoints="0" visitedBranchPoints="0" sequenceCoverage="100" branchCoverage="100" maxCyclomaticComplexity="1" minCyclomaticComplexity="1" visitedClasses="1" numClasses="1" visitedMethods="1" numMethods="1" />
          <FullName>GarageFlowService.Application.UseCases.Vehicles.CreateVehicleHandler</FullName>
          <Methods>
            <Method cyclomaticComplexity="1" nPathComplexity="1" sequenceCoverage="100" branchCoverage="100" isConstructor="True" isGetter="False" isSetter="False" isStatic="True">
              <Summary numSequencePoints="5" visitedSequencePoints="5" numBranchPoints="0" visitedBranchPoints="0" sequenceCoverage="100" branchCoverage="100" maxCyclomaticComplexity="1" minCyclomaticComplexity="1" visitedClasses="0" numClasses="0" visitedMethods="1" numMethods="1" />
              <MetadataToken />
              <Name>System.Void GarageFlowService.Application.UseCases.Vehicles.CreateVehicleHandler::.ctor(GarageFlowService.Domain.Interfaces.IVehicleRepository,GarageFlowService.Application.Interfaces.IUnitOfWork)</Name>
              <FileRef uid="8" />
              <SequencePoints>
                <SequencePoint vc="3" uspid="16" ordinal="0" sl="16" sc="1" el="16" ec="2" bec="0" bev="0" fileid="8" />
                <SequencePoint vc="3" uspid="17" ordinal="1" sl="17" sc="1" el="17" ec="2" bec="0" bev="0" fileid="8" />
                <SequencePoint vc="3" uspid="18" ordinal="2" sl="18" sc="1" el="18" ec="2" bec="0" bev="0" fileid="8" />
                <SequencePoint vc="3" uspid="19" ordinal="3" sl="19" sc="1" el="19" ec="2" bec="0" bev="0" fileid="8" />
                <SequencePoint vc="3" uspid="20" ordinal="4" sl="20" sc="1" el="20" ec="2" bec="0" bev="0" fileid="8" />
              </SequencePoints>
              <BranchPoints />
              <MethodPoint vc="5" uspid="0" p8:type="SequencePoint" ordinal="0" offset="0" sc="0" sl="16" ec="1" el="20" bec="0" bev="0" fileid="8" xmlns:p8="xsi" />
            </Method>
          </Methods>
        </Class>
        <Class>
          <Summary numSequencePoints="6" visitedSequencePoints="6" numBranchPoints="0" visitedBranchPoints="0" sequenceCoverage="100" branchCoverage="100" maxCyclomaticComplexity="1" minCyclomaticComplexity="1" visitedClasses="1" numClasses="1" visitedMethods="1" numMethods="1" />
          <FullName>GarageFlowService.Application.UseCases.Vehicles.CreateVehicleHandler/&lt;Handle&gt;d__3</FullName>
          <Methods>
            <Method cyclomaticComplexity="1" nPathComplexity="1" sequenceCoverage="100" branchCoverage="100" isConstructor="False" isGetter="False" isSetter="False" isStatic="True">
              <Summary numSequencePoints="6" visitedSequencePoints="6" numBranchPoints="0" visitedBranchPoints="0" sequenceCoverage="100" branchCoverage="100" maxCyclomaticComplexity="1" minCyclomaticComplexity="1" visitedClasses="0" numClasses="0" visitedMethods="1" numMethods="1" />
              <MetadataToken />
              <Name>System.Void GarageFlowService.Application.UseCases.Vehicles.CreateVehicleHandler/&lt;Handle&gt;d__3::MoveNext()</Name>
              <FileRef uid="8" />
              <SequencePoints>
                <SequencePoint vc="3" uspid="23" ordinal="0" sl="23" sc="1" el="23" ec="2" bec="0" bev="0" fileid="8" />
                <SequencePoint vc="3" uspid="24" ordinal="1" sl="24" sc="1" el="24" ec="2" bec="0" bev="0" fileid="8" />
                <SequencePoint vc="3" uspid="25" ordinal="2" sl="25" sc="1" el="25" ec="2" bec="0" bev="0" fileid="8" />
                <SequencePoint vc="3" uspid="26" ordinal="3" sl="26" sc="1" el="26" ec="2" bec="0" bev="0" fileid="8" />
                <SequencePoint vc="3" uspid="27" ordinal="4" sl="27" sc="1" el="27" ec="2" bec="0" bev="0" fileid="8" />
                <SequencePoint vc="3" uspid="28" ordinal="5" sl="28" sc="1" el="28" ec="2" bec="0" bev="0" fileid="8" />
              </SequencePoints>
              <BranchPoints />
              <MethodPoint vc="6" uspid="0" p8:type="SequencePoint" ordinal="0" offset="0" sc="0" sl="23" ec="1" el="28" bec="0" bev="0" fileid="8" xmlns:p8="xsi" />
            </Method>
          </Methods>
        </Class>
        <Class>
          <Summary numSequencePoints="1" visitedSequencePoints="1" numBranchPoints="0" visitedBranchPoints="0" sequenceCoverage="100" branchCoverage="100" maxCyclomaticComplexity="1" minCyclomaticComplexity="1" visitedClasses="1" numClasses="1" visitedMethods="1" numMethods="1" />
          <FullName>GarageFlowService.Application.UseCases.Vehicles.GetVehiclesByCustomerQuery</FullName>
          <Methods>
            <Method cyclomaticComplexity="1" nPathComplexity="1" sequenceCoverage="100" branchCoverage="100" isConstructor="False" isGetter="True" isSetter="False" isStatic="True">
              <Summary numSequencePoints="1" visitedSequencePoints="1" numBranchPoints="0" visitedBranchPoints="0" sequenceCoverage="100" branchCoverage="100" maxCyclomaticComplexity="1" minCyclomaticComplexity="1" visitedClasses="0" numClasses="0" visitedMethods="1" numMethods="1" />
              <MetadataToken />
              <Name>System.Guid GarageFlowService.Application.UseCases.Vehicles.GetVehiclesByCustomerQuery::get_CustomerId()</Name>
              <FileRef uid="9" />
              <SequencePoints>
                <SequencePoint vc="10" uspid="7" ordinal="0" sl="7" sc="1" el="7" ec="2" bec="0" bev="0" fileid="9" />
              </SequencePoints>
              <BranchPoints />
              <MethodPoint vc="1" uspid="0" p8:type="SequencePoint" ordinal="0" offset="0" sc="0" sl="7" ec="1" el="7" bec="0" bev="0" fileid="9" xmlns:p8="xsi" />
            </Method>
          </Methods>
        </Class>
        <Class>
          <Summary numSequencePoints="4" visitedSequencePoints="4" numBranchPoints="0" visitedBranchPoints="0" sequenceCoverage="100" branchCoverage="100" maxCyclomaticComplexity="1" minCyclomaticComplexity="1" visitedClasses="1" numClasses="1" visitedMethods="1" numMethods="1" />
          <FullName>GarageFlowService.Application.UseCases.Vehicles.GetVehiclesByCustomerHandler</FullName>
          <Methods>
            <Method cyclomaticComplexity="1" nPathComplexity="1" sequenceCoverage="100" branchCoverage="100" isConstructor="True" isGetter="False" isSetter="False" isStatic="True">
              <Summary numSequencePoints="4" visitedSequencePoints="4" numBranchPoints="0" visitedBranchPoints="0" sequenceCoverage="100" branchCoverage="100" maxCyclomaticComplexity="1" minCyclomaticComplexity="1" visitedClasses="0" numClasses="0" visitedMethods="1" numMethods="1" />
              <MetadataToken />
              <Name>System.Void GarageFlowService.Application.UseCases.Vehicles.GetVehiclesByCustomerHandler::.ctor(GarageFlowService.Domain.Interfaces.IVehicleRepository)</Name>
              <FileRef uid="9" />
              <SequencePoints>
                <SequencePoint vc="5" uspid="13" ordinal="0" sl="13" sc="1" el="13" ec="2" bec="0" bev="0" fileid="9" />
                <SequencePoint vc="5" uspid="14" ordinal="1" sl="14" sc="1" el="14" ec="2" bec="0" bev="0" fileid="9" />
                <SequencePoint vc="5" uspid="15" ordinal="2" sl="15" sc="1" el="15" ec="2" bec="0" bev="0" fileid="9" />
                <SequencePoint vc="5" uspid="16" ordinal="3" sl="16" sc="1" el="16" ec="2" bec="0" bev="0" fileid="9" />
              </SequencePoints>
              <BranchPoints />
              <MethodPoint vc="4" uspid="0" p8:type="SequencePoint" ordinal="0" offset="0" sc="0" sl="13" ec="1" el="16" bec="0" bev="0" fileid="9" xmlns:p8="xsi" />
            </Method>
          </Methods>
        </Class>
        <Class>
          <Summary numSequencePoints="1" visitedSequencePoints="1" numBranchPoints="0" visitedBranchPoints="0" sequenceCoverage="100" branchCoverage="100" maxCyclomaticComplexity="1" minCyclomaticComplexity="1" visitedClasses="1" numClasses="1" visitedMethods="1" numMethods="1" />
          <FullName>GarageFlowService.Application.UseCases.Vehicles.GetVehiclesByCustomerHandler/&lt;&gt;c</FullName>
          <Methods>
            <Method cyclomaticComplexity="1" nPathComplexity="1" sequenceCoverage="100" branchCoverage="100" isConstructor="False" isGetter="False" isSetter="False" isStatic="True">
              <Summary numSequencePoints="1" visitedSequencePoints="1" numBranchPoints="0" visitedBranchPoints="0" sequenceCoverage="100" branchCoverage="100" maxCyclomaticComplexity="1" minCyclomaticComplexity="1" visitedClasses="0" numClasses="0" visitedMethods="1" numMethods="1" />
              <MetadataToken />
              <Name>GarageFlowService.Application.DTOs.VehicleDto GarageFlowService.Application.UseCases.Vehicles.GetVehiclesByCustomerHandler/&lt;&gt;c::&lt;Handle&gt;b__2_0(GarageFlowService.Domain.Entities.Vehicle)</Name>
              <FileRef uid="9" />
              <SequencePoints>
                <SequencePoint vc="22" uspid="21" ordinal="0" sl="21" sc="1" el="21" ec="2" bec="0" bev="0" fileid="9" />
              </SequencePoints>
              <BranchPoints />
              <MethodPoint vc="1" uspid="0" p8:type="SequencePoint" ordinal="0" offset="0" sc="0" sl="21" ec="1" el="21" bec="0" bev="0" fileid="9" xmlns:p8="xsi" />
            </Method>
          </Methods>
        </Class>
        <Class>
          <Summary numSequencePoints="3" visitedSequencePoints="3" numBranchPoints="0" visitedBranchPoints="0" sequenceCoverage="100" branchCoverage="100" maxCyclomaticComplexity="1" minCyclomaticComplexity="1" visitedClasses="1" numClasses="1" visitedMethods="1" numMethods="1" />
          <FullName>GarageFlowService.Application.UseCases.Vehicles.GetVehiclesByCustomerHandler/&lt;Handle&gt;d__2</FullName>
          <Methods>
            <Method cyclomaticComplexity="1" nPathComplexity="1" sequenceCoverage="100" branchCoverage="100" isConstructor="False" isGetter="False" isSetter="False" isStatic="True">
              <Summary numSequencePoints="3" visitedSequencePoints="3" numBranchPoints="0" visitedBranchPoints="0" sequenceCoverage="100" branchCoverage="100" maxCyclomaticComplexity="1" minCyclomaticComplexity="1" visitedClasses="0" numClasses="0" visitedMethods="1" numMethods="1" />
              <MetadataToken />
              <Name>System.Void GarageFlowService.Application.UseCases.Vehicles.GetVehiclesByCustomerHandler/&lt;Handle&gt;d__2::MoveNext()</Name>
              <FileRef uid="9" />
              <SequencePoints>
                <SequencePoint vc="5" uspid="19" ordinal="0" sl="19" sc="1" el="19" ec="2" bec="0" bev="0" fileid="9" />
                <SequencePoint vc="5" uspid="20" ordinal="1" sl="20" sc="1" el="20" ec="2" bec="0" bev="0" fileid="9" />
                <SequencePoint vc="5" uspid="22" ordinal="2" sl="22" sc="1" el="22" ec="2" bec="0" bev="0" fileid="9" />
              </SequencePoints>
              <BranchPoints />
              <MethodPoint vc="3" uspid="0" p8:type="SequencePoint" ordinal="0" offset="0" sc="0" sl="19" ec="1" el="22" bec="0" bev="0" fileid="9" xmlns:p8="xsi" />
            </Method>
          </Methods>
        </Class>
        <Class>
          <Summary numSequencePoints="1" visitedSequencePoints="1" numBranchPoints="0" visitedBranchPoints="0" sequenceCoverage="100" branchCoverage="100" maxCyclomaticComplexity="1" minCyclomaticComplexity="1" visitedClasses="1" numClasses="1" visitedMethods="1" numMethods="1" />
          <FullName>GarageFlowService.Application.UseCases.Services.CreateServiceCommand</FullName>
          <Methods>
            <Method cyclomaticComplexity="1" nPathComplexity="1" sequenceCoverage="100" branchCoverage="100" isConstructor="False" isGetter="True" isSetter="False" isStatic="True">
              <Summary numSequencePoints="1" visitedSequencePoints="1" numBranchPoints="0" visitedBranchPoints="0" sequenceCoverage="100" branchCoverage="100" maxCyclomaticComplexity="1" minCyclomaticComplexity="1" visitedClasses="0" numClasses="0" visitedMethods="1" numMethods="1" />
              <MetadataToken />
              <Name>System.String GarageFlowService.Application.UseCases.Services.CreateServiceCommand::get_Name()</Name>
              <FileRef uid="10" />
              <SequencePoints>
                <SequencePoint vc="25" uspid="9" ordinal="0" sl="9" sc="1" el="9" ec="2" bec="0" bev="0" fileid="10" />
              </SequencePoints>
              <BranchPoints />
              <MethodPoint vc="1" uspid="0" p8:type="SequencePoint" ordinal="0" offset="0" sc="0" sl="9" ec="1" el="9" bec="0" bev="0" fileid="10" xmlns:p8="xsi" />
            </Method>
          </Methods>
        </Class>
        <Class>
          <Summary numSequencePoints="5" visitedSequencePoints="5" numBranchPoints="0" visitedBranchPoints="0" sequenceCoverage="100" branchCoverage="100" maxCyclomaticComplexity="1" minCyclomaticComplexity="1" visitedClasses="1" numClasses="1" visitedMethods="1" numMethods="1" />
          <FullName>GarageFlowService.Application.UseCases.Services.CreateServiceHandler</FullName>
          <Methods>
            <Method cyclomaticComplexity="1" nPathComplexity="1" sequenceCoverage="100" branchCoverage="100" isConstructor="True" isGetter="False" isSetter="False" isStatic="True">
              <Summary numSequencePoints="5" visitedSequencePoints="5" numBranchPoints="0" visitedBranchPoints="0" sequenceCoverage="100" branchCoverage="100" maxCyclomaticComplexity="1" minCyclomaticComplexity="1" visitedClasses="0" numClasses="0" visitedMethods="1" numMethods="1" />
              <MetadataToken />
              <Name>System.Void GarageFlowService.Application.UseCases.Services.CreateServiceHandler::.ctor(GarageFlowService.Domain.Interfaces.IServiceRepository,GarageFlowService.Application.Interfaces.IUnitOfWork)</Name>
              <FileRef uid="10" />
              <SequencePoints>
                <SequencePoint vc="4" uspid="16" ordinal="0" sl="16" sc="1" el="16" ec="2" bec="0" bev="0" fileid="10" />
                <SequencePoint vc="4" uspid="17" ordinal="1" sl="17" sc="1" el="17" ec="2" bec="0" bev="0" fileid="10" />
                <SequencePoint vc="4" uspid="18" ordinal="2" sl="18" sc="1" el="18" ec="2" bec="0" bev="0" fileid="10" />
                <SequencePoint vc="4" uspid="19" ordinal="3" sl="19" sc="1" el="19" ec="2" bec="0" bev="0" fileid="10" />
                <SequencePoint vc="4" uspid="20" ordinal="4" sl="20" sc="1" el="20" ec="2" bec="0" bev="0" fileid="10" />
              </SequencePoints>
              <BranchPoints />
              <MethodPoint vc="5" uspid="0" p8:type="SequencePoint" ordinal="0" offset="0" sc="0" sl="16" ec="1" el="20" bec="0" bev="0" fileid="10" xmlns:p8="xsi" />
            </Method>
          </Methods>
        </Class>
        <Class>
          <Summary numSequencePoints="6" visitedSequencePoints="6" numBranchPoints="0" visitedBranchPoints="0" sequenceCoverage="100" branchCoverage="100" maxCyclomaticComplexity="1" minCyclomaticComplexity="1" visitedClasses="1" numClasses="1" visitedMethods="1" numMethods="1" />
          <FullName>GarageFlowService.Application.UseCases.Services.CreateServiceHandler/&lt;Handle&gt;d__3</FullName>
          <Methods>
            <Method cyclomaticComplexity="1" nPathComplexity="1" sequenceCoverage="100" branchCoverage="100" isConstructor="False" isGetter="False" isSetter="False" isStatic="True">
              <Summary numSequencePoints="6" visitedSequencePoints="6" numBranchPoints="0" visitedBranchPoints="0" sequenceCoverage="100" branchCoverage="100" maxCyclomaticComplexity="1" minCyclomaticComplexity="1" visitedClasses="0" numClasses="0" visitedMethods="1" numMethods="1" />
              <MetadataToken />
              <Name>System.Void GarageFlowService.Application.UseCases.Services.CreateServiceHandler/&lt;Handle&gt;d__3::MoveNext()</Name>
              <FileRef uid="10" />
              <SequencePoints>
                <SequencePoint vc="5" uspid="23" ordinal="0" sl="23" sc="1" el="23" ec="2" bec="0" bev="0" fileid="10" />
                <SequencePoint vc="5" uspid="24" ordinal="1" sl="24" sc="1" el="24" ec="2" bec="0" bev="0" fileid="10" />
                <SequencePoint vc="5" uspid="25" ordinal="2" sl="25" sc="1" el="25" ec="2" bec="0" bev="0" fileid="10" />
                <SequencePoint vc="5" uspid="26" ordinal="3" sl="26" sc="1" el="26" ec="2" bec="0" bev="0" fileid="10" />
                <SequencePoint vc="5" uspid="27" ordinal="4" sl="27" sc="1" el="27" ec="2" bec="0" bev="0" fileid="10" />
                <SequencePoint vc="5" uspid="28" ordinal="5" sl="28" sc="1" el="28" ec="2" bec="0" bev="0" fileid="10" />
              </SequencePoints>
              <BranchPoints />
              <MethodPoint vc="6" uspid="0" p8:type="SequencePoint" ordinal="0" offset="0" sc="0" sl="23" ec="1" el="28" bec="0" bev="0" fileid="10" xmlns:p8="xsi" />
            </Method>
          </Methods>
        </Class>
        <Class>
          <Summary numSequencePoints="4" visitedSequencePoints="4" numBranchPoints="0" visitedBranchPoints="0" sequenceCoverage="100" branchCoverage="100" maxCyclomaticComplexity="1" minCyclomaticComplexity="1" visitedClasses="1" numClasses="1" visitedMethods="1" numMethods="1" />
          <FullName>GarageFlowService.Application.UseCases.Services.GetAllServicesHandler</FullName>
          <Methods>
            <Method cyclomaticComplexity="1" nPathComplexity="1" sequenceCoverage="100" branchCoverage="100" isConstructor="True" isGetter="False" isSetter="False" isStatic="True">
              <Summary numSequencePoints="4" visitedSequencePoints="4" numBranchPoints="0" visitedBranchPoints="0" sequenceCoverage="100" branchCoverage="100" maxCyclomaticComplexity="1" minCyclomaticComplexity="1" visitedClasses="0" numClasses="0" visitedMethods="1" numMethods="1" />
              <MetadataToken />
              <Name>System.Void GarageFlowService.Application.UseCases.Services.GetAllServicesHandler::.ctor(GarageFlowService.Domain.Interfaces.IServiceRepository)</Name>
              <FileRef uid="11" />
              <SequencePoints>
                <SequencePoint vc="3" uspid="13" ordinal="0" sl="13" sc="1" el="13" ec="2" bec="0" bev="0" fileid="11" />
                <SequencePoint vc="3" uspid="14" ordinal="1" sl="14" sc="1" el="14" ec="2" bec="0" bev="0" fileid="11" />
                <SequencePoint vc="3" uspid="15" ordinal="2" sl="15" sc="1" el="15" ec="2" bec="0" bev="0" fileid="11" />
                <SequencePoint vc="3" uspid="16" ordinal="3" sl="16" sc="1" el="16" ec="2" bec="0" bev="0" fileid="11" />
              </SequencePoints>
              <BranchPoints />
              <MethodPoint vc="4" uspid="0" p8:type="SequencePoint" ordinal="0" offset="0" sc="0" sl="13" ec="1" el="16" bec="0" bev="0" fileid="11" xmlns:p8="xsi" />
            </Method>
          </Methods>
        </Class>
        <Class>
[...]
                <SequencePoint vc="0" uspid="221" ordinal="197" sl="221" sc="1" el="221" ec="2" bec="0" bev="0" fileid="35" />
                <SequencePoint vc="0" uspid="222" ordinal="198" sl="222" sc="1" el="222" ec="2" bec="0" bev="0" fileid="35" />
                <SequencePoint vc="0" uspid="223" ordinal="199" sl="223" sc="1" el="223" ec="2" bec="0" bev="0" fileid="35" />
                <SequencePoint vc="0" uspid="224" ordinal="200" sl="224" sc="1" el="224" ec="2" bec="0" bev="0" fileid="35" />
                <SequencePoint vc="0" uspid="225" ordinal="201" sl="225" sc="1" el="225" ec="2" bec="0" bev="0" fileid="35" />
                <SequencePoint vc="0" uspid="226" ordinal="202" sl="226" sc="1" el="226" ec="2" bec="0" bev="0" fileid="35" />
                <SequencePoint vc="0" uspid="227" ordinal="203" sl="227" sc="1" el="227" ec="2" bec="0" bev="0" fileid="35" />
                <SequencePoint vc="0" uspid="228" ordinal="204" sl="228" sc="1" el="228" ec="2" bec="0" bev="0" fileid="35" />
                <SequencePoint vc="0" uspid="229" ordinal="205" sl="229" sc="1" el="229" ec="2" bec="0" bev="0" fileid="35" />
                <SequencePoint vc="0" uspid="230" ordinal="206" sl="230" sc="1" el="230" ec="2" bec="0" bev="0" fileid="35" />
                <SequencePoint vc="0" uspid="231" ordinal="207" sl="231" sc="1" el="231" ec="2" bec="0" bev="0" fileid="35" />
                <SequencePoint vc="0" uspid="232" ordinal="208" sl="232" sc="1" el="232" ec="2" bec="0" bev="0" fileid="35" />
                <SequencePoint vc="0" uspid="233" ordinal="209" sl="233" sc="1" el="233" ec="2" bec="0" bev="0" fileid="35" />
                <SequencePoint vc="0" uspid="234" ordinal="210" sl="234" sc="1" el="234" ec="2" bec="0" bev="0" fileid="35" />
                <SequencePoint vc="0" uspid="235" ordinal="211" sl="235" sc="1" el="235" ec="2" bec="0" bev="0" fileid="35" />
                <SequencePoint vc="0" uspid="236" ordinal="212" sl="236" sc="1" el="236" ec="2" bec="0" bev="0" fileid="35" />
                <SequencePoint vc="0" uspid="237" ordinal="213" sl="237" sc="1" el="237" ec="2" bec="0" bev="0" fileid="35" />
                <SequencePoint vc="0" uspid="239" ordinal="214" sl="239" sc="1" el="239" ec="2" bec="0" bev="0" fileid="35" />
                <SequencePoint vc="0" uspid="240" ordinal="215" sl="240" sc="1" el="240" ec="2" bec="0" bev="0" fileid="35" />
                <SequencePoint vc="0" uspid="241" ordinal="216" sl="241" sc="1" el="241" ec="2" bec="0" bev="0" fileid="35" />
                <SequencePoint vc="0" uspid="242" ordinal="217" sl="242" sc="1" el="242" ec="2" bec="0" bev="0" fileid="35" />
                <SequencePoint vc="0" uspid="243" ordinal="218" sl="243" sc="1" el="243" ec="2" bec="0" bev="0" fileid="35" />
                <SequencePoint vc="0" uspid="244" ordinal="219" sl="244" sc="1" el="244" ec="2" bec="0" bev="0" fileid="35" />
                <SequencePoint vc="0" uspid="245" ordinal="220" sl="245" sc="1" el="245" ec="2" bec="0" bev="0" fileid="35" />
                <SequencePoint vc="0" uspid="246" ordinal="221" sl="246" sc="1" el="246" ec="2" bec="0" bev="0" fileid="35" />
                <SequencePoint vc="0" uspid="247" ordinal="222" sl="247" sc="1" el="247" ec="2" bec="0" bev="0" fileid="35" />
                <SequencePoint vc="0" uspid="248" ordinal="223" sl="248" sc="1" el="248" ec="2" bec="0" bev="0" fileid="35" />
                <SequencePoint vc="0" uspid="249" ordinal="224" sl="249" sc="1" el="249" ec="2" bec="0" bev="0" fileid="35" />
                <SequencePoint vc="0" uspid="250" ordinal="225" sl="250" sc="1" el="250" ec="2" bec="0" bev="0" fileid="35" />
                <SequencePoint vc="0" uspid="251" ordinal="226" sl="251" sc="1" el="251" ec="2" bec="0" bev="0" fileid="35" />
                <SequencePoint vc="0" uspid="252" ordinal="227" sl="252" sc="1" el="252" ec="2" bec="0" bev="0" fileid="35" />
                <SequencePoint vc="0" uspid="253" ordinal="228" sl="253" sc="1" el="253" ec="2" bec="0" bev="0" fileid="35" />
                <SequencePoint vc="0" uspid="254" ordinal="229" sl="254" sc="1" el="254" ec="2" bec="0" bev="0" fileid="35" />
                <SequencePoint vc="0" uspid="255" ordinal="230" sl="255" sc="1" el="255" ec="2" bec="0" bev="0" fileid="35" />
                <SequencePoint vc="0" uspid="256" ordinal="231" sl="256" sc="1" el="256" ec="2" bec="0" bev="0" fileid="35" />
                <SequencePoint vc="0" uspid="257" ordinal="232" sl="257" sc="1" el="257" ec="2" bec="0" bev="0" fileid="35" />
                <SequencePoint vc="0" uspid="258" ordinal="233" sl="258" sc="1" el="258" ec="2" bec="0" bev="0" fileid="35" />
                <SequencePoint vc="0" uspid="259" ordinal="234" sl="259" sc="1" el="259" ec="2" bec="0" bev="0" fileid="35" />
                <SequencePoint vc="0" uspid="260" ordinal="235" sl="260" sc="1" el="260" ec="2" bec="0" bev="0" fileid="35" />
                <SequencePoint vc="0" uspid="261" ordinal="236" sl="261" sc="1" el="261" ec="2" bec="0" bev="0" fileid="35" />
                <SequencePoint vc="0" uspid="262" ordinal="237" sl="262" sc="1" el="262" ec="2" bec="0" bev="0" fileid="35" />
                <SequencePoint vc="0" uspid="263" ordinal="238" sl="263" sc="1" el="263" ec="2" bec="0" bev="0" fileid="35" />
                <SequencePoint vc="0" uspid="264" ordinal="239" sl="264" sc="1" el="264" ec="2" bec="0" bev="0" fileid="35" />
                <SequencePoint vc="0" uspid="265" ordinal="240" sl="265" sc="1" el="265" ec="2" bec="0" bev="0" fileid="35" />
                <SequencePoint vc="0" uspid="266" ordinal="241" sl="266" sc="1" el="266" ec="2" bec="0" bev="0" fileid="35" />
                <SequencePoint vc="0" uspid="267" ordinal="242" sl="267" sc="1" el="267" ec="2" bec="0" bev="0" fileid="35" />
                <SequencePoint vc="0" uspid="268" ordinal="243" sl="268" sc="1" el="268" ec="2" bec="0" bev="0" fileid="35" />
                <SequencePoint vc="0" uspid="269" ordinal="244" sl="269" sc="1" el="269" ec="2" bec="0" bev="0" fileid="35" />
                <SequencePoint vc="0" uspid="270" ordinal="245" sl="270" sc="1" el="270" ec="2" bec="0" bev="0" fileid="35" />
                <SequencePoint vc="0" uspid="271" ordinal="246" sl="271" sc="1" el="271" ec="2" bec="0" bev="0" fileid="35" />
                <SequencePoint vc="0" uspid="273" ordinal="247" sl="273" sc="1" el="273" ec="2" bec="0" bev="0" fileid="35" />
                <SequencePoint vc="0" uspid="274" ordinal="248" sl="274" sc="1" el="274" ec="2" bec="0" bev="0" fileid="35" />
                <SequencePoint vc="0" uspid="275" ordinal="249" sl="275" sc="1" el="275" ec="2" bec="0" bev="0" fileid="35" />
                <SequencePoint vc="0" uspid="276" ordinal="250" sl="276" sc="1" el="276" ec="2" bec="0" bev="0" fileid="35" />
                <SequencePoint vc="0" uspid="277" ordinal="251" sl="277" sc="1" el="277" ec="2" bec="0" bev="0" fileid="35" />
                <SequencePoint vc="0" uspid="278" ordinal="252" sl="278" sc="1" el="278" ec="2" bec="0" bev="0" fileid="35" />
                <SequencePoint vc="0" uspid="279" ordinal="253" sl="279" sc="1" el="279" ec="2" bec="0" bev="0" fileid="35" />
                <SequencePoint vc="0" uspid="280" ordinal="254" sl="280" sc="1" el="280" ec="2" bec="0" bev="0" fileid="35" />
                <SequencePoint vc="0" uspid="281" ordinal="255" sl="281" sc="1" el="281" ec="2" bec="0" bev="0" fileid="35" />
                <SequencePoint vc="0" uspid="282" ordinal="256" sl="282" sc="1" el="282" ec="2" bec="0" bev="0" fileid="35" />
                <SequencePoint vc="0" uspid="283" ordinal="257" sl="283" sc="1" el="283" ec="2" bec="0" bev="0" fileid="35" />
                <SequencePoint vc="0" uspid="284" ordinal="258" sl="284" sc="1" el="284" ec="2" bec="0" bev="0" fileid="35" />
                <SequencePoint vc="0" uspid="285" ordinal="259" sl="285" sc="1" el="285" ec="2" bec="0" bev="0" fileid="35" />
                <SequencePoint vc="0" uspid="286" ordinal="260" sl="286" sc="1" el="286" ec="2" bec="0" bev="0" fileid="35" />
                <SequencePoint vc="0" uspid="287" ordinal="261" sl="287" sc="1" el="287" ec="2" bec="0" bev="0" fileid="35" />
                <SequencePoint vc="0" uspid="288" ordinal="262" sl="288" sc="1" el="288" ec="2" bec="0" bev="0" fileid="35" />
                <SequencePoint vc="0" uspid="289" ordinal="263" sl="289" sc="1" el="289" ec="2" bec="0" bev="0" fileid="35" />
                <SequencePoint vc="0" uspid="290" ordinal="264" sl="290" sc="1" el="290" ec="2" bec="0" bev="0" fileid="35" />
                <SequencePoint vc="0" uspid="291" ordinal="265" sl="291" sc="1" el="291" ec="2" bec="0" bev="0" fileid="35" />
                <SequencePoint vc="0" uspid="292" ordinal="266" sl="292" sc="1" el="292" ec="2" bec="0" bev="0" fileid="35" />
                <SequencePoint vc="0" uspid="293" ordinal="267" sl="293" sc="1" el="293" ec="2" bec="0" bev="0" fileid="35" />
                <SequencePoint vc="0" uspid="294" ordinal="268" sl="294" sc="1" el="294" ec="2" bec="0" bev="0" fileid="35" />
                <SequencePoint vc="0" uspid="295" ordinal="269" sl="295" sc="1" el="295" ec="2" bec="0" bev="0" fileid="35" />
                <SequencePoint vc="0" uspid="296" ordinal="270" sl="296" sc="1" el="296" ec="2" bec="0" bev="0" fileid="35" />
                <SequencePoint vc="0" uspid="297" ordinal="271" sl="297" sc="1" el="297" ec="2" bec="0" bev="0" fileid="35" />
                <SequencePoint vc="0" uspid="298" ordinal="272" sl="298" sc="1" el="298" ec="2" bec="0" bev="0" fileid="35" />
                <SequencePoint vc="0" uspid="299" ordinal="273" sl="299" sc="1" el="299" ec="2" bec="0" bev="0" fileid="35" />
                <SequencePoint vc="0" uspid="300" ordinal="274" sl="300" sc="1" el="300" ec="2" bec="0" bev="0" fileid="35" />
                <SequencePoint vc="0" uspid="301" ordinal="275" sl="301" sc="1" el="301" ec="2" bec="0" bev="0" fileid="35" />
                <SequencePoint vc="0" uspid="302" ordinal="276" sl="302" sc="1" el="302" ec="2" bec="0" bev="0" fileid="35" />
                <SequencePoint vc="0" uspid="303" ordinal="277" sl="303" sc="1" el="303" ec="2" bec="0" bev="0" fileid="35" />
                <SequencePoint vc="0" uspid="304" ordinal="278" sl="304" sc="1" el="304" ec="2" bec="0" bev="0" fileid="35" />
                <SequencePoint vc="0" uspid="305" ordinal="279" sl="305" sc="1" el="305" ec="2" bec="0" bev="0" fileid="35" />
                <SequencePoint vc="0" uspid="307" ordinal="280" sl="307" sc="1" el="307" ec="2" bec="0" bev="0" fileid="35" />
                <SequencePoint vc="0" uspid="308" ordinal="281" sl="308" sc="1" el="308" ec="2" bec="0" bev="0" fileid="35" />
                <SequencePoint vc="0" uspid="309" ordinal="282" sl="309" sc="1" el="309" ec="2" bec="0" bev="0" fileid="35" />
                <SequencePoint vc="0" uspid="310" ordinal="283" sl="310" sc="1" el="310" ec="2" bec="0" bev="0" fileid="35" />
                <SequencePoint vc="0" uspid="311" ordinal="284" sl="311" sc="1" el="311" ec="2" bec="0" bev="0" fileid="35" />
                <SequencePoint vc="0" uspid="312" ordinal="285" sl="312" sc="1" el="312" ec="2" bec="0" bev="0" fileid="35" />
                <SequencePoint vc="0" uspid="313" ordinal="286" sl="313" sc="1" el="313" ec="2" bec="0" bev="0" fileid="35" />
                <SequencePoint vc="0" uspid="314" ordinal="287" sl="314" sc="1" el="314" ec="2" bec="0" bev="0" fileid="35" />
                <SequencePoint vc="0" uspid="315" ordinal="288" sl="315" sc="1" el="315" ec="2" bec="0" bev="0" fileid="35" />
                <SequencePoint vc="0" uspid="316" ordinal="289" sl="316" sc="1" el="316" ec="2" bec="0" bev="0" fileid="35" />
                <SequencePoint vc="0" uspid="318" ordinal="290" sl="318" sc="1" el="318" ec="2" bec="0" bev="0" fileid="35" />
                <SequencePoint vc="0" uspid="319" ordinal="291" sl="319" sc="1" el="319" ec="2" bec="0" bev="0" fileid="35" />
                <SequencePoint vc="0" uspid="320" ordinal="292" sl="320" sc="1" el="320" ec="2" bec="0" bev="0" fileid="35" />
                <SequencePoint vc="0" uspid="321" ordinal="293" sl="321" sc="1" el="321" ec="2" bec="0" bev="0" fileid="35" />
                <SequencePoint vc="0" uspid="322" ordinal="294" sl="322" sc="1" el="322" ec="2" bec="0" bev="0" fileid="35" />
                <SequencePoint vc="0" uspid="323" ordinal="295" sl="323" sc="1" el="323" ec="2" bec="0" bev="0" fileid="35" />
                <SequencePoint vc="0" uspid="324" ordinal="296" sl="324" sc="1" el="324" ec="2" bec="0" bev="0" fileid="35" />
                <SequencePoint vc="0" uspid="325" ordinal="297" sl="325" sc="1" el="325" ec="2" bec="0" bev="0" fileid="35" />
                <SequencePoint vc="0" uspid="326" ordinal="298" sl="326" sc="1" el="326" ec="2" bec="0" bev="0" fileid="35" />
                <SequencePoint vc="0" uspid="327" ordinal="299" sl="327" sc="1" el="327" ec="2" bec="0" bev="0" fileid="35" />
                <SequencePoint vc="0" uspid="328" ordinal="300" sl="328" sc="1" el="328" ec="2" bec="0" bev="0" fileid="35" />
                <SequencePoint vc="0" uspid="329" ordinal="301" sl="329" sc="1" el="329" ec="2" bec="0" bev="0" fileid="35" />
                <SequencePoint vc="0" uspid="330" ordinal="302" sl="330" sc="1" el="330" ec="2" bec="0" bev="0" fileid="35" />
                <SequencePoint vc="0" uspid="331" ordinal="303" sl="331" sc="1" el="331" ec="2" bec="0" bev="0" fileid="35" />
                <SequencePoint vc="0" uspid="332" ordinal="304" sl="332" sc="1" el="332" ec="2" bec="0" bev="0" fileid="35" />
                <SequencePoint vc="0" uspid="333" ordinal="305" sl="333" sc="1" el="333" ec="2" bec="0" bev="0" fileid="35" />
                <SequencePoint vc="0" uspid="334" ordinal="306" sl="334" sc="1" el="334" ec="2" bec="0" bev="0" fileid="35" />
                <SequencePoint vc="0" uspid="335" ordinal="307" sl="335" sc="1" el="335" ec="2" bec="0" bev="0" fileid="35" />
                <SequencePoint vc="0" uspid="337" ordinal="308" sl="337" sc="1" el="337" ec="2" bec="0" bev="0" fileid="35" />
                <SequencePoint vc="0" uspid="338" ordinal="309" sl="338" sc="1" el="338" ec="2" bec="0" bev="0" fileid="35" />
                <SequencePoint vc="0" uspid="339" ordinal="310" sl="339" sc="1" el="339" ec="2" bec="0" bev="0" fileid="35" />
                <SequencePoint vc="0" uspid="340" ordinal="311" sl="340" sc="1" el="340" ec="2" bec="0" bev="0" fileid="35" />
                <SequencePoint vc="0" uspid="341" ordinal="312" sl="341" sc="1" el="341" ec="2" bec="0" bev="0" fileid="35" />
                <SequencePoint vc="0" uspid="342" ordinal="313" sl="342" sc="1" el="342" ec="2" bec="0" bev="0" fileid="35" />
                <SequencePoint vc="0" uspid="343" ordinal="314" sl="343" sc="1" el="343" ec="2" bec="0" bev="0" fileid="35" />
                <SequencePoint vc="0" uspid="344" ordinal="315" sl="344" sc="1" el="344" ec="2" bec="0" bev="0" fileid="35" />
                <SequencePoint vc="0" uspid="345" ordinal="316" sl="345" sc="1" el="345" ec="2" bec="0" bev="0" fileid="35" />
                <SequencePoint vc="0" uspid="346" ordinal="317" sl="346" sc="1" el="346" ec="2" bec="0" bev="0" fileid="35" />
                <SequencePoint vc="0" uspid="347" ordinal="318" sl="347" sc="1" el="347" ec="2" bec="0" bev="0" fileid="35" />
                <SequencePoint vc="0" uspid="348" ordinal="319" sl="348" sc="1" el="348" ec="2" bec="0" bev="0" fileid="35" />
                <SequencePoint vc="0" uspid="349" ordinal="320" sl="349" sc="1" el="349" ec="2" bec="0" bev="0" fileid="35" />
                <SequencePoint vc="0" uspid="350" ordinal="321" sl="350" sc="1" el="350" ec="2" bec="0" bev="0" fileid="35" />
                <SequencePoint vc="0" uspid="351" ordinal="322" sl="351" sc="1" el="351" ec="2" bec="0" bev="0" fileid="35" />
                <SequencePoint vc="0" uspid="352" ordinal="323" sl="352" sc="1" el="352" ec="2" bec="0" bev="0" fileid="35" />
                <SequencePoint vc="0" uspid="354" ordinal="324" sl="354" sc="1" el="354" ec="2" bec="0" bev="0" fileid="35" />
                <SequencePoint vc="0" uspid="355" ordinal="325" sl="355" sc="1" el="355" ec="2" bec="0" bev="0" fileid="35" />
                <SequencePoint vc="0" uspid="356" ordinal="326" sl="356" sc="1" el="356" ec="2" bec="0" bev="0" fileid="35" />
                <SequencePoint vc="0" uspid="357" ordinal="327" sl="357" sc="1" el="357" ec="2" bec="0" bev="0" fileid="35" />
                <SequencePoint vc="0" uspid="358" ordinal="328" sl="358" sc="1" el="358" ec="2" bec="0" bev="0" fileid="35" />
                <SequencePoint vc="0" uspid="359" ordinal="329" sl="359" sc="1" el="359" ec="2" bec="0" bev="0" fileid="35" />
                <SequencePoint vc="0" uspid="360" ordinal="330" sl="360" sc="1" el="360" ec="2" bec="0" bev="0" fileid="35" />
                <SequencePoint vc="0" uspid="361" ordinal="331" sl="361" sc="1" el="361" ec="2" bec="0" bev="0" fileid="35" />
                <SequencePoint vc="0" uspid="362" ordinal="332" sl="362" sc="1" el="362" ec="2" bec="0" bev="0" fileid="35" />
                <SequencePoint vc="0" uspid="363" ordinal="333" sl="363" sc="1" el="363" ec="2" bec="0" bev="0" fileid="35" />
                <SequencePoint vc="0" uspid="364" ordinal="334" sl="364" sc="1" el="364" ec="2" bec="0" bev="0" fileid="35" />
                <SequencePoint vc="0" uspid="365" ordinal="335" sl="365" sc="1" el="365" ec="2" bec="0" bev="0" fileid="35" />
                <SequencePoint vc="0" uspid="366" ordinal="336" sl="366" sc="1" el="366" ec="2" bec="0" bev="0" fileid="35" />
                <SequencePoint vc="0" uspid="367" ordinal="337" sl="367" sc="1" el="367" ec="2" bec="0" bev="0" fileid="35" />
                <SequencePoint vc="0" uspid="368" ordinal="338" sl="368" sc="1" el="368" ec="2" bec="0" bev="0" fileid="35" />
                <SequencePoint vc="0" uspid="369" ordinal="339" sl="369" sc="1" el="369" ec="2" bec="0" bev="0" fileid="35" />
                <SequencePoint vc="0" uspid="371" ordinal="340" sl="371" sc="1" el="371" ec="2" bec="0" bev="0" fileid="35" />
                <SequencePoint vc="0" uspid="372" ordinal="341" sl="372" sc="1" el="372" ec="2" bec="0" bev="0" fileid="35" />
                <SequencePoint vc="0" uspid="373" ordinal="342" sl="373" sc="1" el="373" ec="2" bec="0" bev="0" fileid="35" />
                <SequencePoint vc="0" uspid="374" ordinal="343" sl="374" sc="1" el="374" ec="2" bec="0" bev="0" fileid="35" />
                <SequencePoint vc="0" uspid="376" ordinal="344" sl="376" sc="1" el="376" ec="2" bec="0" bev="0" fileid="35" />
                <SequencePoint vc="0" uspid="377" ordinal="345" sl="377" sc="1" el="377" ec="2" bec="0" bev="0" fileid="35" />
                <SequencePoint vc="0" uspid="378" ordinal="346" sl="378" sc="1" el="378" ec="2" bec="0" bev="0" fileid="35" />
                <SequencePoint vc="0" uspid="379" ordinal="347" sl="379" sc="1" el="379" ec="2" bec="0" bev="0" fileid="35" />
                <SequencePoint vc="0" uspid="380" ordinal="348" sl="380" sc="1" el="380" ec="2" bec="0" bev="0" fileid="35" />
                <SequencePoint vc="0" uspid="381" ordinal="349" sl="381" sc="1" el="381" ec="2" bec="0" bev="0" fileid="35" />
                <SequencePoint vc="0" uspid="383" ordinal="350" sl="383" sc="1" el="383" ec="2" bec="0" bev="0" fileid="35" />
              </SequencePoints>
              <BranchPoints />
              <MethodPoint vc="0" uspid="0" p8:type="SequencePoint" ordinal="0" offset="0" sc="0" sl="17" ec="1" el="383" bec="0" bev="0" fileid="35" xmlns:p8="xsi" />
            </Method>
          </Methods>
        </Class>
      </Classes>
    </Module>
  </Modules>
</CoverageSession>